Working in: guillo_e, at: 07/05/2013 21:45:42

You files:
total 1880
drwxr-xr-x    2 leger_i  users    1024 May  7 21:45 .
drwx------  107 leger_i  users    2560 May  7 21:45 ..
-rw-r--r--    1 leger_i  users       9 May  7 19:13 auteur
-rw-r--r--    1 leger_i  users     110 May  7 19:13 ex_01.sql
-rw-r--r--    1 leger_i  users      47 May  7 21:45 ex_01.sql.out
-rw-r--r--    1 leger_i  users      85 May  7 19:13 ex_02.sql
-rw-r--r--    1 leger_i  users      14 May  7 21:45 ex_02.sql.out
-rw-r--r--    1 leger_i  users      65 May  7 19:13 ex_03.sql
-rw-r--r--    1 leger_i  users      93 May  7 21:45 ex_03.sql.out
-rw-r--r--    1 leger_i  users     156 May  7 19:13 ex_04.sql
-rw-r--r--    1 leger_i  users     215 May  7 21:45 ex_04.sql.out
-rw-r--r--    1 leger_i  users       0 May  7 21:45 ex_05.sql.out
-rw-r--r--    1 leger_i  users       0 May  7 21:45 ex_06.sql.out
-rw-r--r--    1 leger_i  users      94 May  7 19:13 ex_07.sql
-rw-r--r--    1 leger_i  users      22 May  7 21:45 ex_07.sql.out
-rw-r--r--    1 leger_i  users       0 May  7 21:45 ex_08.sql.out
-rw-r--r--    1 leger_i  users      51 May  7 19:13 ex_09.sql
-rw-r--r--    1 leger_i  users      93 May  7 21:45 ex_09.sql.out
-rw-r--r--    1 leger_i  users      49 May  7 19:13 ex_10.sql
-rw-r--r--    1 leger_i  users      17 May  7 21:45 ex_10.sql.out
-rw-r--r--    1 leger_i  users      56 May  7 19:13 ex_11.sql
-rw-r--r--    1 leger_i  users     934 May  7 21:45 ex_11.sql.out
-rw-r--r--    1 leger_i  users      69 May  7 19:13 ex_12.sql
-rw-r--r--    1 leger_i  users     779 May  7 21:45 ex_12.sql.out
-rw-r--r--    1 leger_i  users      95 May  7 19:13 ex_13.sql
-rw-r--r--    1 leger_i  users     355 May  7 21:45 ex_13.sql.out
-rw-r--r--    1 leger_i  users     121 May  7 19:13 ex_14.sql
-rw-r--r--    1 leger_i  users     316 May  7 21:45 ex_14.sql.out
-rw-r--r--    1 leger_i  users      56 May  7 19:13 ex_15.sql
-rw-r--r--    1 leger_i  users  858852 May  7 21:45 ex_15.sql.out
-rw-r--r--    1 leger_i  users      77 May  7 19:13 ex_16.sql
-rw-r--r--    1 leger_i  users      11 May  7 21:45 ex_16.sql.out
-rw-r--r--    1 leger_i  users       2 May  7 19:13 ex_17.sql
-rw-r--r--    1 leger_i  users       1 May  7 21:45 ex_17.sql.out
-rw-r--r--    1 leger_i  users       2 May  7 19:13 ex_18.sql
-rw-r--r--    1 leger_i  users       1 May  7 21:45 ex_18.sql.out
-rw-r--r--    1 leger_i  users       2 May  7 19:13 ex_19.sql
-rw-r--r--    1 leger_i  users       1 May  7 21:45 ex_19.sql.out
-rw-r--r--    1 leger_i  users       2 May  7 19:13 ex_20.sql
-rw-r--r--    1 leger_i  users       1 May  7 21:45 ex_20.sql.out
-rwxr-xr-x    1 leger_i  users      13 May  7 19:13 time


- auteur: 1
- ex_01.sql: Wrong answer, your file is on the left
2a3
> tres vieux	
5d5
< tres vieux	

0
- ex_02.sql: 1
- ex_03.sql: 1
- ex_04.sql: 1
- ex_05.sql: 0 (file not found or not a valid single SQL query)
- ex_06.sql: 0 (file not found or not a valid single SQL query)
- ex_07.sql: 1
- ex_08.sql: 0 (file not found or not a valid single SQL query)
- ex_09.sql: 1
- ex_10.sql: 1
- ex_11.sql: Wrong answer, your file is on the left
2,11d1
< Terminator 2 : Judgement Day	
< The Remains of the Day	
< Independence Day	
< Six Days Seven Nights	
< The Last days of disco	
< Thursday	
< The Last Days	
< End of Days	
< At the End of the Day	
< Next Friday	
13,21d2
< Snow Day	
< 28 Days	
< The 6th Day	
< Dark Days	
< Thirteen Days	
< A Hard Day's Night	
< Nobody Someday	
< Training Day	
< 40 Days and 40 Nights	
23,26d3
< A Day at the Races	
< Dog Days	
< 28 Days Later	
< Die Another Day	
28,31d4
< The Big Day	
< Trouble Every Day	
< How to Lose a Guy in 10 Days	
< Mr. Hulot's Holiday	
33,37d5
< Freaky Friday	
< The Girl From Monday	
< The Day After Tomorrow	
< Around the World in 80 Days	
< Latter Days	
39,54d6
< Pleasant Days	
< Football Days	
< Last Days	
< Daybreak	
< The Night We Called It a Day	
< One Day in September	
< Last Holiday	
< One Day In Europe	
< The Holiday	
< Mr. Bean's Holiday	
< Days of Glory	
< 2 Days in Paris	

0
- ex_12.sql: 1
- ex_13.sql: 1
- ex_14.sql: 1
- ex_15.sql: 1
- ex_16.sql: 1
- ex_17.sql: Wrong answer, your file is on the left
1c1
< 1
\ No newline at end of file
---
> 2
\ No newline at end of file

0
- ex_18.sql: Wrong answer, your file is on the left
1c1
< 1
\ No newline at end of file
---
> 2
\ No newline at end of file

0
- ex_19.sql: 1
- ex_20.sql: 1
=> 13 en 70 minute(s) soit, 5 mn/pt

