Sat Feb  4 16:01:34 CET 2012
 Commited by 
guillo_e
\n
Mon Feb 13 11:42:22 CET 2012
 Commited by 
guillo_e
\n
Thu Mar  8 16:37:20 CET 2012
 Commited by 
guillo_e
\n
Sat Mar 10 16:14:50 CET 2012
 Commited by 
guillo_e
\n
Sat Mar 10 21:14:05 CET 2012
 Commited by 
guillo_e
\n
Sat Mar 10 21:18:32 CET 2012
 Commited by 
guillo_e
\n
Sat Mar 10 21:23:30 CET 2012
 Commited by 
guillo_e
\n
Sat Mar 10 21:33:23 CET 2012
 Commited by 
guillo_e
\n
Sat Mar 10 21:39:39 CET 2012
 Commited by 
guillo_e
\n
Sat Mar 10 21:40:29 CET 2012
 Commited by 
guillo_e
\n
