2013-03-22 16:18:26.384841|INFO    |              |   | TeamSpeak 3 Client 3.0.10 (2013-02-27 15:08:47)
2013-03-22 16:18:27.193173|DEBUG   |PulseAudio    |   | connected to pulse audio server
2013-03-22 16:18:27.254760|INFO    |Query         |   | listening on 127.0.0.1:25639
2013-03-22 16:18:28.238991|INFO    |              |   | *** Time [MAINWINDOW]: 170
2013-03-22 16:18:28.239276|INFO    |              |   | *** Time [INIT]: 170
2013-03-22 16:18:28.266697|INFO    |ClientUI      |   | Failed to init text to speech engine
2013-03-22 16:18:28.276593|INFO    |ClientUI      |   | Qt version: 4.8.3
2013-03-22 16:18:28.276687|INFO    |ClientUI      |   | Using configuration location: /home/guillo_e/.ts3client/settings.db
2013-03-22 16:18:28.739327|INFO    |ClientUI      |   | Last update check was: Fri Mar 22 12:27:14 2013
2013-03-22 16:18:35.626768|INFO    |ClientUI      |  1| Connect to server: 62.210.250.140
2013-03-22 16:18:35.636519|INFO    |ClientUI      |  1| Blacklist check ok
2013-03-22 16:18:35.636645|INFO    |ClientUI      |  1| Initiating connection: 62.210.250.140:36395 62.210.250.140
2013-03-22 16:18:35.676455|INFO    |              |   | DNS resolve successful, "blacklist.teamspeak.com"=176.9.148.78
2013-03-22 16:18:35.992913|INFO    |PreProSpeex   |  1| Speex version: 1.2rc1
2013-03-22 16:18:35.993487|DEBUG   |PulseAudio    |   | Underflow occurred on device ts3.pa.dummy.playbackdefault
2013-03-22 16:18:36.081139|INFO    |ClientUI      |  1| Connect status: Connecting
2013-03-22 16:18:36.188661|INFO    |ClientUI      |  1| Connect status: Connected
2013-03-22 16:18:36.376840|INFO    |ClientUI      |  1| Connect status: Establishing connection
2013-03-22 16:18:36.399758|INFO    |ClientUI      |  1| Connect status: Connection established
2013-03-22 16:18:36.413550|INFO    |PermManager   |   | Loading permissions from cache
2013-03-22 16:27:06.521579|WARNING |Copy&Paste    |   | HTML parsing error: Start tag expected.
2013-03-22 16:27:07.208742|WARNING |Copy&Paste    |   | HTML parsing error: Start tag expected.
2013-03-22 16:27:07.850707|WARNING |Copy&Paste    |   | HTML parsing error: Start tag expected.
2013-03-22 16:27:08.491022|WARNING |Copy&Paste    |   | HTML parsing error: Start tag expected.
2013-03-22 16:27:09.112579|WARNING |Copy&Paste    |   | HTML parsing error: Start tag expected.
2013-03-22 16:27:09.759757|WARNING |Copy&Paste    |   | HTML parsing error: Start tag expected.
2013-03-22 16:27:10.484940|WARNING |Copy&Paste    |   | HTML parsing error: Start tag expected.
2013-03-22 16:27:11.634776|WARNING |Copy&Paste    |   | HTML parsing error: Start tag expected.
2013-03-22 16:27:12.366167|WARNING |Copy&Paste    |   | HTML parsing error: Start tag expected.
2013-03-22 16:27:12.565260|WARNING |Copy&Paste    |   | HTML parsing error: Start tag expected.
2013-03-22 16:27:13.913643|WARNING |Copy&Paste    |   | HTML parsing error: Start tag expected.
2013-03-22 16:27:14.651386|WARNING |Copy&Paste    |   | HTML parsing error: Start tag expected.
2013-03-22 16:27:16.046415|WARNING |Copy&Paste    |   | HTML parsing error: Start tag expected.
2013-03-22 16:27:16.766841|WARNING |Copy&Paste    |   | HTML parsing error: Start tag expected.
2013-03-22 16:27:17.375978|WARNING |Copy&Paste    |   | HTML parsing error: Start tag expected.
2013-03-22 16:27:17.994208|WARNING |Copy&Paste    |   | HTML parsing error: Start tag expected.
2013-03-22 16:27:18.899994|WARNING |Copy&Paste    |   | HTML parsing error: Start tag expected.
2013-03-22 16:27:19.486994|WARNING |Copy&Paste    |   | HTML parsing error: Start tag expected.
2013-03-22 16:27:20.111969|WARNING |Copy&Paste    |   | HTML parsing error: Start tag expected.
2013-03-22 16:27:20.656712|WARNING |Copy&Paste    |   | HTML parsing error: Start tag expected.
2013-03-22 16:27:21.878066|WARNING |Copy&Paste    |   | HTML parsing error: Start tag expected.
2013-03-22 16:27:22.574857|WARNING |Copy&Paste    |   | HTML parsing error: Start tag expected.
2013-03-22 16:28:31.142939|WARNING |Copy&Paste    |   | HTML parsing error: Start tag expected.
2013-03-22 16:28:32.363368|WARNING |Copy&Paste    |   | HTML parsing error: Start tag expected.
2013-03-22 16:28:33.099392|WARNING |Copy&Paste    |   | HTML parsing error: Start tag expected.
2013-03-22 16:28:33.777982|WARNING |Copy&Paste    |   | HTML parsing error: Start tag expected.
2013-03-22 16:28:35.403156|WARNING |Copy&Paste    |   | HTML parsing error: Start tag expected.
2013-03-22 16:28:36.119660|WARNING |Copy&Paste    |   | HTML parsing error: Extra content at end of document.
2013-03-22 16:28:37.958883|WARNING |Copy&Paste    |   | HTML parsing error: Start tag expected.
2013-03-22 16:28:40.604045|WARNING |Copy&Paste    |   | HTML parsing error: Extra content at end of document.
2013-03-22 16:28:43.251849|WARNING |Copy&Paste    |   | HTML parsing error: Start tag expected.
2013-03-22 16:28:44.008570|WARNING |Copy&Paste    |   | HTML parsing error: Start tag expected.
2013-03-22 16:29:08.862874|WARNING |Copy&Paste    |   | HTML parsing error: Start tag expected.
2013-03-22 16:29:09.932194|WARNING |Copy&Paste    |   | HTML parsing error: Start tag expected.
2013-03-22 16:29:13.215716|WARNING |Copy&Paste    |   | HTML parsing error: Start tag expected.
2013-03-22 16:29:15.434172|WARNING |Copy&Paste    |   | HTML parsing error: Start tag expected.
2013-03-22 16:29:16.363542|WARNING |Copy&Paste    |   | HTML parsing error: Start tag expected.
2013-03-22 16:29:18.212450|WARNING |Copy&Paste    |   | HTML parsing error: Start tag expected.
2013-03-22 16:29:19.143981|WARNING |Copy&Paste    |   | HTML parsing error: Start tag expected.
2013-03-22 16:29:19.851850|WARNING |Copy&Paste    |   | HTML parsing error: Start tag expected.
2013-03-22 16:29:20.509170|WARNING |Copy&Paste    |   | HTML parsing error: Start tag expected.
2013-03-22 16:29:20.775438|WARNING |Copy&Paste    |   | HTML parsing error: Start tag expected.
2013-03-22 16:29:21.868883|WARNING |Copy&Paste    |   | HTML parsing error: Start tag expected.
2013-03-22 16:29:23.916675|WARNING |Copy&Paste    |   | HTML parsing error: Start tag expected.
2013-03-22 16:29:26.430645|WARNING |Copy&Paste    |   | HTML parsing error: Start tag expected.
2013-03-22 16:29:27.663856|WARNING |Copy&Paste    |   | HTML parsing error: Start tag expected.
2013-03-22 16:29:28.742768|WARNING |Copy&Paste    |   | HTML parsing error: Start tag expected.
2013-03-22 16:29:30.727659|WARNING |Copy&Paste    |   | HTML parsing error: Start tag expected.
2013-03-22 16:29:33.327982|WARNING |Copy&Paste    |   | HTML parsing error: Start tag expected.
2013-03-22 16:29:34.472537|WARNING |Copy&Paste    |   | HTML parsing error: Start tag expected.
2013-03-22 16:29:35.688563|WARNING |Copy&Paste    |   | HTML parsing error: Start tag expected.
2013-03-22 16:29:36.517993|WARNING |Copy&Paste    |   | HTML parsing error: Start tag expected.
2013-03-22 16:29:37.467433|WARNING |Copy&Paste    |   | HTML parsing error: Start tag expected.
2013-03-22 16:29:38.292488|WARNING |Copy&Paste    |   | HTML parsing error: Start tag expected.
2013-03-22 16:29:39.017589|WARNING |Copy&Paste    |   | HTML parsing error: Start tag expected.
2013-03-22 16:29:39.661670|WARNING |Copy&Paste    |   | HTML parsing error: Start tag expected.
2013-03-22 16:29:40.272111|WARNING |Copy&Paste    |   | HTML parsing error: Start tag expected.
2013-03-22 16:31:10.699653|WARNING |Copy&Paste    |   | HTML parsing error: Start tag expected.
2013-03-22 16:31:32.138064|WARNING |Copy&Paste    |   | HTML parsing error: Start tag expected.
2013-03-22 16:31:32.813339|WARNING |Copy&Paste    |   | HTML parsing error: Start tag expected.
2013-03-22 16:31:33.940995|WARNING |Copy&Paste    |   | HTML parsing error: Start tag expected.
2013-03-22 16:31:34.633769|WARNING |Copy&Paste    |   | HTML parsing error: Start tag expected.
2013-03-22 16:31:35.267556|WARNING |Copy&Paste    |   | HTML parsing error: Extra content at end of document.
2013-03-22 16:31:36.888936|WARNING |Copy&Paste    |   | HTML parsing error: Extra content at end of document.
2013-03-22 16:31:42.793710|WARNING |Copy&Paste    |   | HTML parsing error: Start tag expected.
2013-03-22 16:31:44.610006|WARNING |Copy&Paste    |   | HTML parsing error: Start tag expected.
2013-03-22 16:34:18.074449|WARNING |Copy&Paste    |   | HTML parsing error: Premature end of document.
2013-03-22 16:55:38.956990|INFO    |ClientUI      |  1| UserVolumeWidget::setClientVolumeModifier: 915 0.5
2013-03-22 16:55:38.971290|INFO    |ClientUI      |  1| UserVolumeWidget::setClientVolumeModifier: 915 1
2013-03-22 16:55:38.984212|INFO    |ClientUI      |  1| UserVolumeWidget::setClientVolumeModifier: 915 1.5
2013-03-22 16:55:39.011362|INFO    |ClientUI      |  1| UserVolumeWidget::setClientVolumeModifier: 915 2
2013-03-22 16:55:39.050286|INFO    |ClientUI      |  1| UserVolumeWidget::setClientVolumeModifier: 915 2.5
2013-03-22 16:55:39.089668|INFO    |ClientUI      |  1| UserVolumeWidget::setClientVolumeModifier: 915 3
2013-03-22 16:55:39.104257|INFO    |ClientUI      |  1| UserVolumeWidget::setClientVolumeModifier: 915 3.5
2013-03-22 16:55:39.131379|INFO    |ClientUI      |  1| UserVolumeWidget::setClientVolumeModifier: 915 4
2013-03-22 16:55:39.145645|INFO    |ClientUI      |  1| UserVolumeWidget::setClientVolumeModifier: 915 4.5
2013-03-22 16:55:39.185203|INFO    |ClientUI      |  1| UserVolumeWidget::setClientVolumeModifier: 915 5
