2013-01-31 13:46:20.479020|INFO    |              |   | TeamSpeak 3 Client 3.0.9.2 (2012-10-29 10:00:43)
2013-01-31 13:46:20.488218|ERROR   |PulseAudio    |   | pa_context_connect failed
2013-01-31 13:46:20.488447|ERROR   |SoundBckndIntf|   | /home/guillo_e/Downloads/TeamSpeak3-Client-linux_amd64/soundbackends/libpulseaudio_linux_amd64.so error: INIT_PA_IMPL
2013-01-31 13:46:20.496429|INFO    |Query         |   | listening on 127.0.0.1:25639
2013-01-31 13:46:22.277755|INFO    |              |   | *** Time [MAINWINDOW]: 200
2013-01-31 13:46:22.277999|INFO    |              |   | *** Time [INIT]: 200
2013-01-31 13:46:22.278053|INFO    |ClientUI      |   | *** Time [SQLITE_CONVERTER]: 0
2013-01-31 13:46:22.283168|INFO    |ClientUI      |   | Failed to init text to speech engine
2013-01-31 13:46:22.283298|INFO    |ClientUI      |   | Qt version: 4.7.2
2013-01-31 13:46:22.283334|INFO    |ClientUI      |   | Using configuration location: /home/guillo_e/.ts3client/settings.db
2013-01-31 13:46:22.778106|INFO    |ClientUI      |   | Last update check was: 
2013-01-31 13:46:22.847775|INFO    |              |   | Checking for updates...
2013-01-31 13:46:22.896261|INFO    |              |   | DNS resolve successful, "update.teamspeak.com"=176.9.148.78
2013-01-31 13:46:23.555895|INFO    |              |   | Update check, my version: 1351504843, latest version: 1351504843
2013-01-31 13:46:31.903570|INFO    |PreProSpeex   |  2| Speex version: 1.2rc1
2013-01-31 13:48:50.742326|INFO    |ClientUI      |  1| Connect to server: lasmikoi.net
2013-01-31 13:48:50.743519|INFO    |ClientUI      |  1| Trying to resolve lasmikoi.net
2013-01-31 13:48:50.914391|WARNING |              |   |  getaddrinfo error: Name or service not known
2013-01-31 13:48:50.914396|WARNING |              |   |  getaddrinfo error: Name or service not known
2013-01-31 13:48:50.914624|INFO    |              |   | DNS resolve unsuccessful for "lasmikoi.net"
2013-01-31 13:48:50.925106|INFO    |              |   | No SRV TSDNS found at "_tsdns._tcp.lasmikoi.net"
2013-01-31 13:48:50.940847|INFO    |              |   | SRV DNS resolve unsuccessful for "_ts3._udp.lasmikoi.net"
2013-01-31 13:48:51.064845|INFO    |ClientUI      |  1| Lookup finished:  0  1 2
2013-01-31 13:48:51.065877|INFO    |ClientUI      |  1| Failed to resolve lasmikoi.net
2013-01-31 13:49:11.632512|INFO    |ClientUI      |  1| Connect to server: http
2013-01-31 13:49:11.634158|INFO    |ClientUI      |  1| Trying to resolve http
2013-01-31 13:49:11.640829|WARNING |              |   |  getaddrinfo error: Name or service not known
2013-01-31 13:49:11.640862|WARNING |              |   |  getaddrinfo error: Name or service not known
2013-01-31 13:49:11.640970|INFO    |              |   | DNS resolve unsuccessful for "http"
2013-01-31 13:49:11.835255|INFO    |              |   | SRV DNS resolve unsuccessful for "_ts3._udp.http"
2013-01-31 13:49:11.989006|INFO    |              |   | No SRV TSDNS found at "_tsdns._tcp.http"
2013-01-31 13:49:12.092238|INFO    |ClientUI      |  1| Lookup finished:  0  1 2
2013-01-31 13:49:12.093856|INFO    |ClientUI      |  1| Failed to resolve http
2013-01-31 13:49:27.533298|INFO    |ClientUI      |  1| Connect to server: lastmikoi.net/
2013-01-31 13:49:27.534261|INFO    |ClientUI      |  1| Trying to resolve lastmikoi.net/
2013-01-31 13:49:27.538658|WARNING |              |   |  getaddrinfo error: Name or service not known
2013-01-31 13:49:27.588782|WARNING |              |   |  getaddrinfo error: Name or service not known
2013-01-31 13:49:27.589003|INFO    |              |   | DNS resolve unsuccessful for "lastmikoi.net/"
2013-01-31 13:49:27.588782|WARNING |              |   |  getaddrinfo error: Name or service not known
2013-01-31 13:49:27.589376|INFO    |              |   | No TSDNS found at "lastmikoi.net/"
2013-01-31 13:49:27.664989|INFO    |              |   | No SRV TSDNS found at "_tsdns._tcp.net/"
2013-01-31 13:49:27.666580|INFO    |              |   | SRV DNS resolve unsuccessful for "_ts3._udp.lastmikoi.net/"
2013-01-31 13:49:27.733157|INFO    |              |   | No SRV TSDNS found at "_tsdns._tcp.lastmikoi.net/"
2013-01-31 13:49:27.839059|INFO    |ClientUI      |  1| Lookup finished:  0  1 2
2013-01-31 13:49:27.840700|INFO    |ClientUI      |  1| Failed to resolve lastmikoi.net/
