2013-05-06 13:04:34.593772|INFO    |              |   | TeamSpeak 3 Client 3.0.10.1 (2013-04-04 08:33:04)
2013-05-06 13:04:34.602506|DEBUG   |PulseAudio    |   | connected to pulse audio server
2013-05-06 13:04:34.619241|INFO    |Query         |   | listening on 127.0.0.1:25639
2013-05-06 13:04:34.988370|INFO    |              |   | *** Time [MAINWINDOW]: 110
2013-05-06 13:04:34.988642|INFO    |              |   | *** Time [INIT]: 110
2013-05-06 13:04:34.994885|INFO    |ClientUI      |   | Failed to init text to speech engine
2013-05-06 13:04:34.995156|INFO    |ClientUI      |   | Qt version: 4.8.3
2013-05-06 13:04:34.995232|INFO    |ClientUI      |   | Using configuration location: /home/guillo_e/.ts3client/settings.db
2013-05-06 13:04:35.488732|INFO    |ClientUI      |   | Last update check was: Mon May 6 11:09:12 2013
2013-05-06 13:04:48.596280|INFO    |ClientUI      |  1| Connect to server: 62.210.250.140
2013-05-06 13:04:48.597129|INFO    |ClientUI      |  1| Blacklist check ok
2013-05-06 13:04:48.597166|INFO    |ClientUI      |  1| Initiating connection: 62.210.250.140:36395 62.210.250.140
2013-05-06 13:04:48.768758|INFO    |              |   | DNS resolve successful, "blacklist.teamspeak.com"=176.9.148.78
2013-05-06 13:04:49.008003|INFO    |PreProSpeex   |  1| Speex version: 1.2rc1
2013-05-06 13:04:49.008852|DEBUG   |PulseAudio    |   | Underflow occurred on device ts3.pa.dummy.playbackdefault
2013-05-06 13:04:49.011779|INFO    |ClientUI      |  1| Connect status: Connecting
2013-05-06 13:04:49.086954|INFO    |ClientUI      |  1| Connect status: Connected
2013-05-06 13:04:49.220496|INFO    |ClientUI      |  1| Connect status: Establishing connection
2013-05-06 13:04:49.225575|INFO    |ClientUI      |  1| Connect status: Connection established
2013-05-06 13:04:49.226125|INFO    |PermManager   |   | Loading permissions from cache
2013-05-06 13:06:07.465327|WARNING |Copy&Paste    |   | HTML parsing error: Extra content at end of document.
2013-05-06 13:06:08.854772|WARNING |Copy&Paste    |   | HTML parsing error: Opening and ending tag mismatch.
2013-05-06 13:06:10.617284|WARNING |Copy&Paste    |   | HTML parsing error: Start tag expected.
2013-05-06 13:06:11.411847|WARNING |Copy&Paste    |   | HTML parsing error: Start tag expected.
2013-05-06 13:06:12.171408|WARNING |Copy&Paste    |   | HTML parsing error: Start tag expected.
2013-05-06 13:06:12.845902|WARNING |Copy&Paste    |   | HTML parsing error: Start tag expected.
2013-05-06 13:06:13.517302|WARNING |Copy&Paste    |   | HTML parsing error: Extra content at end of document.
2013-05-06 13:06:14.208627|WARNING |Copy&Paste    |   | HTML parsing error: Extra content at end of document.
2013-05-06 13:06:14.959345|WARNING |Copy&Paste    |   | HTML parsing error: Extra content at end of document.
2013-05-06 13:06:15.630359|WARNING |Copy&Paste    |   | HTML parsing error: Extra content at end of document.
2013-05-06 13:06:16.344754|WARNING |Copy&Paste    |   | HTML parsing error: Start tag expected.
2013-05-06 13:06:18.929179|WARNING |Copy&Paste    |   | HTML parsing error: Start tag expected.
