2013-03-22 16:02:00.568051|INFO    |              |   | TeamSpeak 3 Client 3.0.10 (2013-02-27 15:08:47)
2013-03-22 16:02:01.364491|DEBUG   |PulseAudio    |   | connected to pulse audio server
2013-03-22 16:02:01.430457|INFO    |Query         |   | listening on 127.0.0.1:25639
2013-03-22 16:02:02.214029|INFO    |              |   | *** Time [MAINWINDOW]: 170
2013-03-22 16:02:02.214312|INFO    |              |   | *** Time [INIT]: 170
2013-03-22 16:02:02.241662|INFO    |ClientUI      |   | Failed to init text to speech engine
2013-03-22 16:02:02.251507|INFO    |ClientUI      |   | Qt version: 4.8.3
2013-03-22 16:02:02.251616|INFO    |ClientUI      |   | Using configuration location: /home/guillo_e/.ts3client/settings.db
2013-03-22 16:02:02.714334|INFO    |ClientUI      |   | Last update check was: Fri Mar 22 12:27:14 2013
2013-03-22 16:02:09.935041|INFO    |ClientUI      |  1| Connect to server: 62.210.250.140
2013-03-22 16:02:09.944713|INFO    |ClientUI      |  1| Blacklist check ok
2013-03-22 16:02:09.944836|INFO    |ClientUI      |  1| Initiating connection: 62.210.250.140:36395 62.210.250.140
2013-03-22 16:02:09.984334|INFO    |              |   | DNS resolve successful, "blacklist.teamspeak.com"=176.9.148.78
2013-03-22 16:02:10.334496|INFO    |PreProSpeex   |  1| Speex version: 1.2rc1
2013-03-22 16:02:10.335419|DEBUG   |PulseAudio    |   | Underflow occurred on device ts3.pa.dummy.playbackdefault
2013-03-22 16:02:10.356113|INFO    |ClientUI      |  1| Connect status: Connecting
2013-03-22 16:02:10.462014|INFO    |ClientUI      |  1| Connect status: Connected
2013-03-22 16:02:10.649672|INFO    |ClientUI      |  1| Connect status: Establishing connection
2013-03-22 16:02:10.666164|INFO    |ClientUI      |  1| Connect status: Connection established
2013-03-22 16:02:10.679533|INFO    |PermManager   |   | Loading permissions from cache
2013-03-22 16:02:26.852278|DEBUG   |PulseAudio    |   | Underflow occurred on device ts3.pa.dummy.playbackdefault
2013-03-22 16:02:28.483297|ERROR   |ALSA          |   | snd_pcm_open: Device or resource busy
2013-03-22 16:02:28.483425|ERROR   |SoundBckndIntf|   | /home/guillo_e/.cabal/bin/TeamSpeak3-Client-linux_amd64/soundbackends/libalsa_linux_amd64.so error: ALSA
2013-03-22 16:02:28.483500|ERROR   |CapSoundSet   |   | Failed to open capture device when updating capture system: 2310
2013-03-22 16:02:28.483607|ERROR   |CapSoundSet   |   | Error setting PreProcessorConfigValues when live-updating capture system: 2304
2013-03-22 16:02:28.495967|ERROR   |              |   | VADDisplay timer: Error reading voice power: 2304
2013-03-22 16:02:28.515951|ERROR   |              |   | VADDisplay timer: Error reading voice power: 2304
2013-03-22 16:02:28.535958|ERROR   |              |   | VADDisplay timer: Error reading voice power: 2304
2013-03-22 16:02:28.555946|ERROR   |              |   | VADDisplay timer: Error reading voice power: 2304
2013-03-22 16:02:28.575965|ERROR   |              |   | VADDisplay timer: Error reading voice power: 2304
2013-03-22 16:02:28.596150|ERROR   |              |   | VADDisplay timer: Error reading voice power: 2304
2013-03-22 16:02:28.615957|ERROR   |              |   | VADDisplay timer: Error reading voice power: 2304
2013-03-22 16:02:28.635955|ERROR   |              |   | VADDisplay timer: Error reading voice power: 2304
2013-03-22 16:02:28.655959|ERROR   |              |   | VADDisplay timer: Error reading voice power: 2304
2013-03-22 16:02:28.675958|ERROR   |              |   | VADDisplay timer: Error reading voice power: 2304
2013-03-22 16:02:28.695967|ERROR   |              |   | VADDisplay timer: Error reading voice power: 2304
2013-03-22 16:02:28.715961|ERROR   |              |   | VADDisplay timer: Error reading voice power: 2304
2013-03-22 16:02:28.735946|ERROR   |              |   | VADDisplay timer: Error reading voice power: 2304
2013-03-22 16:02:28.755957|ERROR   |              |   | VADDisplay timer: Error reading voice power: 2304
2013-03-22 16:02:28.775959|ERROR   |              |   | VADDisplay timer: Error reading voice power: 2304
2013-03-22 16:02:28.795961|ERROR   |              |   | VADDisplay timer: Error reading voice power: 2304
2013-03-22 16:02:28.815958|ERROR   |              |   | VADDisplay timer: Error reading voice power: 2304
2013-03-22 16:02:28.835960|ERROR   |              |   | VADDisplay timer: Error reading voice power: 2304
2013-03-22 16:02:28.855946|ERROR   |              |   | VADDisplay timer: Error reading voice power: 2304
2013-03-22 16:02:28.875958|ERROR   |              |   | VADDisplay timer: Error reading voice power: 2304
2013-03-22 16:02:28.895952|ERROR   |              |   | VADDisplay timer: Error reading voice power: 2304
2013-03-22 16:02:28.915962|ERROR   |              |   | VADDisplay timer: Error reading voice power: 2304
2013-03-22 16:02:28.935962|ERROR   |              |   | VADDisplay timer: Error reading voice power: 2304
2013-03-22 16:02:28.955959|ERROR   |              |   | VADDisplay timer: Error reading voice power: 2304
2013-03-22 16:02:28.975957|ERROR   |              |   | VADDisplay timer: Error reading voice power: 2304
2013-03-22 16:02:28.995957|ERROR   |              |   | VADDisplay timer: Error reading voice power: 2304
2013-03-22 16:02:29.015960|ERROR   |              |   | VADDisplay timer: Error reading voice power: 2304
2013-03-22 16:02:29.035947|ERROR   |              |   | VADDisplay timer: Error reading voice power: 2304
2013-03-22 16:02:29.055958|ERROR   |              |   | VADDisplay timer: Error reading voice power: 2304
2013-03-22 16:02:29.075947|ERROR   |              |   | VADDisplay timer: Error reading voice power: 2304
2013-03-22 16:02:29.096002|ERROR   |              |   | VADDisplay timer: Error reading voice power: 2304
2013-03-22 16:02:29.116043|ERROR   |              |   | VADDisplay timer: Error reading voice power: 2304
2013-03-22 16:02:29.135962|ERROR   |              |   | VADDisplay timer: Error reading voice power: 2304
2013-03-22 16:02:29.155971|ERROR   |              |   | VADDisplay timer: Error reading voice power: 2304
2013-03-22 16:02:29.175960|ERROR   |              |   | VADDisplay timer: Error reading voice power: 2304
2013-03-22 16:02:29.195961|ERROR   |              |   | VADDisplay timer: Error reading voice power: 2304
2013-03-22 16:02:29.215959|ERROR   |              |   | VADDisplay timer: Error reading voice power: 2304
2013-03-22 16:02:29.235959|ERROR   |              |   | VADDisplay timer: Error reading voice power: 2304
2013-03-22 16:02:29.255960|ERROR   |              |   | VADDisplay timer: Error reading voice power: 2304
2013-03-22 16:02:29.275957|ERROR   |              |   | VADDisplay timer: Error reading voice power: 2304
2013-03-22 16:02:29.295960|ERROR   |              |   | VADDisplay timer: Error reading voice power: 2304
2013-03-22 16:02:29.316165|ERROR   |              |   | VADDisplay timer: Error reading voice power: 2304
2013-03-22 16:02:29.335961|ERROR   |              |   | VADDisplay timer: Error reading voice power: 2304
2013-03-22 16:02:29.355959|ERROR   |              |   | VADDisplay timer: Error reading voice power: 2304
2013-03-22 16:02:29.375958|ERROR   |              |   | VADDisplay timer: Error reading voice power: 2304
2013-03-22 16:02:29.395961|ERROR   |              |   | VADDisplay timer: Error reading voice power: 2304
2013-03-22 16:02:29.415949|ERROR   |              |   | VADDisplay timer: Error reading voice power: 2304
2013-03-22 16:02:29.435960|ERROR   |              |   | VADDisplay timer: Error reading voice power: 2304
2013-03-22 16:02:29.455961|ERROR   |              |   | VADDisplay timer: Error reading voice power: 2304
2013-03-22 16:02:29.475959|ERROR   |              |   | VADDisplay timer: Error reading voice power: 2304
2013-03-22 16:02:29.496037|ERROR   |              |   | VADDisplay timer: Error reading voice power: 2304
2013-03-22 16:02:29.515957|ERROR   |              |   | VADDisplay timer: Error reading voice power: 2304
2013-03-22 16:02:29.535961|ERROR   |              |   | VADDisplay timer: Error reading voice power: 2304
2013-03-22 16:02:29.555965|ERROR   |              |   | VADDisplay timer: Error reading voice power: 2304
2013-03-22 16:02:29.575961|ERROR   |              |   | VADDisplay timer: Error reading voice power: 2304
2013-03-22 16:02:29.595959|ERROR   |              |   | VADDisplay timer: Error reading voice power: 2304
2013-03-22 16:02:29.615959|ERROR   |              |   | VADDisplay timer: Error reading voice power: 2304
2013-03-22 16:02:29.635960|ERROR   |              |   | VADDisplay timer: Error reading voice power: 2304
2013-03-22 16:02:29.655989|ERROR   |              |   | VADDisplay timer: Error reading voice power: 2304
2013-03-22 16:02:29.675967|ERROR   |              |   | VADDisplay timer: Error reading voice power: 2304
2013-03-22 16:02:29.695951|ERROR   |              |   | VADDisplay timer: Error reading voice power: 2304
2013-03-22 16:02:29.715960|ERROR   |              |   | VADDisplay timer: Error reading voice power: 2304
2013-03-22 16:02:29.735960|ERROR   |              |   | VADDisplay timer: Error reading voice power: 2304
2013-03-22 16:02:29.755960|ERROR   |              |   | VADDisplay timer: Error reading voice power: 2304
2013-03-22 16:02:29.775958|ERROR   |              |   | VADDisplay timer: Error reading voice power: 2304
2013-03-22 16:02:29.795961|ERROR   |              |   | VADDisplay timer: Error reading voice power: 2304
2013-03-22 16:02:29.815958|ERROR   |              |   | VADDisplay timer: Error reading voice power: 2304
2013-03-22 16:02:29.835961|ERROR   |              |   | VADDisplay timer: Error reading voice power: 2304
2013-03-22 16:02:29.855960|ERROR   |              |   | VADDisplay timer: Error reading voice power: 2304
2013-03-22 16:02:29.875955|ERROR   |              |   | VADDisplay timer: Error reading voice power: 2304
2013-03-22 16:02:29.897686|ERROR   |              |   | VADDisplay timer: Error reading voice power: 2304
2013-03-22 16:02:29.915949|ERROR   |              |   | VADDisplay timer: Error reading voice power: 2304
2013-03-22 16:02:29.935962|ERROR   |              |   | VADDisplay timer: Error reading voice power: 2304
2013-03-22 16:02:29.955961|ERROR   |              |   | VADDisplay timer: Error reading voice power: 2304
2013-03-22 16:02:29.975960|ERROR   |              |   | VADDisplay timer: Error reading voice power: 2304
2013-03-22 16:02:29.995946|ERROR   |              |   | VADDisplay timer: Error reading voice power: 2304
2013-03-22 16:02:30.015960|ERROR   |              |   | VADDisplay timer: Error reading voice power: 2304
2013-03-22 16:02:30.035946|ERROR   |              |   | VADDisplay timer: Error reading voice power: 2304
2013-03-22 16:02:30.055957|ERROR   |              |   | VADDisplay timer: Error reading voice power: 2304
2013-03-22 16:02:30.075957|ERROR   |              |   | VADDisplay timer: Error reading voice power: 2304
2013-03-22 16:02:30.095958|ERROR   |              |   | VADDisplay timer: Error reading voice power: 2304
2013-03-22 16:02:30.115961|ERROR   |              |   | VADDisplay timer: Error reading voice power: 2304
2013-03-22 16:02:30.135945|ERROR   |              |   | VADDisplay timer: Error reading voice power: 2304
2013-03-22 16:02:30.155958|ERROR   |              |   | VADDisplay timer: Error reading voice power: 2304
2013-03-22 16:02:30.175958|ERROR   |              |   | VADDisplay timer: Error reading voice power: 2304
2013-03-22 16:02:30.195955|ERROR   |              |   | VADDisplay timer: Error reading voice power: 2304
2013-03-22 16:02:30.215961|ERROR   |              |   | VADDisplay timer: Error reading voice power: 2304
2013-03-22 16:02:30.235947|ERROR   |              |   | VADDisplay timer: Error reading voice power: 2304
2013-03-22 16:02:30.256035|ERROR   |              |   | VADDisplay timer: Error reading voice power: 2304
2013-03-22 16:02:30.275993|ERROR   |              |   | VADDisplay timer: Error reading voice power: 2304
2013-03-22 16:02:30.296810|ERROR   |              |   | VADDisplay timer: Error reading voice power: 2304
2013-03-22 16:02:30.315958|ERROR   |              |   | VADDisplay timer: Error reading voice power: 2304
2013-03-22 16:02:30.335947|ERROR   |              |   | VADDisplay timer: Error reading voice power: 2304
2013-03-22 16:02:30.355959|ERROR   |              |   | VADDisplay timer: Error reading voice power: 2304
2013-03-22 16:02:30.375961|ERROR   |              |   | VADDisplay timer: Error reading voice power: 2304
2013-03-22 16:02:30.395957|ERROR   |              |   | VADDisplay timer: Error reading voice power: 2304
2013-03-22 16:02:30.415963|ERROR   |              |   | VADDisplay timer: Error reading voice power: 2304
2013-03-22 16:02:30.435957|ERROR   |              |   | VADDisplay timer: Error reading voice power: 2304
2013-03-22 16:02:30.455946|ERROR   |              |   | VADDisplay timer: Error reading voice power: 2304
2013-03-22 16:02:30.475946|ERROR   |              |   | VADDisplay timer: Error reading voice power: 2304
2013-03-22 16:02:30.496015|ERROR   |              |   | VADDisplay timer: Error reading voice power: 2304
2013-03-22 16:02:30.515945|ERROR   |              |   | VADDisplay timer: Error reading voice power: 2304
2013-03-22 16:02:30.535963|ERROR   |              |   | VADDisplay timer: Error reading voice power: 2304
2013-03-22 16:02:30.555946|ERROR   |              |   | VADDisplay timer: Error reading voice power: 2304
2013-03-22 16:02:30.575958|ERROR   |              |   | VADDisplay timer: Error reading voice power: 2304
2013-03-22 16:02:30.595957|ERROR   |              |   | VADDisplay timer: Error reading voice power: 2304
2013-03-22 16:02:30.615962|ERROR   |              |   | VADDisplay timer: Error reading voice power: 2304
2013-03-22 16:02:30.635955|ERROR   |              |   | VADDisplay timer: Error reading voice power: 2304
2013-03-22 16:02:30.655948|ERROR   |              |   | VADDisplay timer: Error reading voice power: 2304
2013-03-22 16:02:30.675958|ERROR   |              |   | VADDisplay timer: Error reading voice power: 2304
2013-03-22 16:02:30.695958|ERROR   |              |   | VADDisplay timer: Error reading voice power: 2304
2013-03-22 16:02:30.715946|ERROR   |              |   | VADDisplay timer: Error reading voice power: 2304
2013-03-22 16:02:30.735986|ERROR   |              |   | VADDisplay timer: Error reading voice power: 2304
2013-03-22 16:02:30.755947|ERROR   |              |   | VADDisplay timer: Error reading voice power: 2304
2013-03-22 16:02:30.775946|ERROR   |              |   | VADDisplay timer: Error reading voice power: 2304
2013-03-22 16:02:30.795961|ERROR   |              |   | VADDisplay timer: Error reading voice power: 2304
2013-03-22 16:02:30.815958|ERROR   |              |   | VADDisplay timer: Error reading voice power: 2304
2013-03-22 16:02:30.835947|ERROR   |              |   | VADDisplay timer: Error reading voice power: 2304
2013-03-22 16:02:30.855946|ERROR   |              |   | VADDisplay timer: Error reading voice power: 2304
2013-03-22 16:02:30.875958|ERROR   |              |   | VADDisplay timer: Error reading voice power: 2304
2013-03-22 16:02:30.895957|ERROR   |              |   | VADDisplay timer: Error reading voice power: 2304
2013-03-22 16:02:30.915960|ERROR   |              |   | VADDisplay timer: Error reading voice power: 2304
2013-03-22 16:02:30.935958|ERROR   |              |   | VADDisplay timer: Error reading voice power: 2304
2013-03-22 16:02:30.955970|ERROR   |              |   | VADDisplay timer: Error reading voice power: 2304
2013-03-22 16:02:30.975959|ERROR   |              |   | VADDisplay timer: Error reading voice power: 2304
2013-03-22 16:02:30.995962|ERROR   |              |   | VADDisplay timer: Error reading voice power: 2304
2013-03-22 16:02:31.015969|ERROR   |              |   | VADDisplay timer: Error reading voice power: 2304
2013-03-22 16:02:31.035957|ERROR   |              |   | VADDisplay timer: Error reading voice power: 2304
2013-03-22 16:02:31.055958|ERROR   |              |   | VADDisplay timer: Error reading voice power: 2304
2013-03-22 16:02:31.075946|ERROR   |              |   | VADDisplay timer: Error reading voice power: 2304
2013-03-22 16:02:31.095960|ERROR   |              |   | VADDisplay timer: Error reading voice power: 2304
2013-03-22 16:02:31.115959|ERROR   |              |   | VADDisplay timer: Error reading voice power: 2304
2013-03-22 16:02:31.135946|ERROR   |              |   | VADDisplay timer: Error reading voice power: 2304
2013-03-22 16:02:31.155959|ERROR   |              |   | VADDisplay timer: Error reading voice power: 2304
2013-03-22 16:02:31.175957|ERROR   |              |   | VADDisplay timer: Error reading voice power: 2304
2013-03-22 16:02:31.195966|ERROR   |              |   | VADDisplay timer: Error reading voice power: 2304
2013-03-22 16:02:31.215959|ERROR   |              |   | VADDisplay timer: Error reading voice power: 2304
2013-03-22 16:02:31.235959|ERROR   |              |   | VADDisplay timer: Error reading voice power: 2304
2013-03-22 16:02:31.255958|ERROR   |              |   | VADDisplay timer: Error reading voice power: 2304
2013-03-22 16:02:31.275957|ERROR   |              |   | VADDisplay timer: Error reading voice power: 2304
2013-03-22 16:02:31.295947|ERROR   |              |   | VADDisplay timer: Error reading voice power: 2304
2013-03-22 16:02:31.315958|ERROR   |              |   | VADDisplay timer: Error reading voice power: 2304
2013-03-22 16:02:31.335957|ERROR   |              |   | VADDisplay timer: Error reading voice power: 2304
2013-03-22 16:02:31.355948|ERROR   |              |   | VADDisplay timer: Error reading voice power: 2304
2013-03-22 16:02:31.375965|ERROR   |              |   | VADDisplay timer: Error reading voice power: 2304
2013-03-22 16:02:31.395948|ERROR   |              |   | VADDisplay timer: Error reading voice power: 2304
2013-03-22 16:02:31.415960|ERROR   |              |   | VADDisplay timer: Error reading voice power: 2304
2013-03-22 16:02:31.436017|ERROR   |              |   | VADDisplay timer: Error reading voice power: 2304
2013-03-22 16:02:31.455953|ERROR   |              |   | VADDisplay timer: Error reading voice power: 2304
2013-03-22 16:02:31.475959|ERROR   |              |   | VADDisplay timer: Error reading voice power: 2304
2013-03-22 16:02:31.495970|ERROR   |              |   | VADDisplay timer: Error reading voice power: 2304
2013-03-22 16:02:31.515958|ERROR   |              |   | VADDisplay timer: Error reading voice power: 2304
2013-03-22 16:02:31.535965|ERROR   |              |   | VADDisplay timer: Error reading voice power: 2304
2013-03-22 16:02:31.555958|ERROR   |              |   | VADDisplay timer: Error reading voice power: 2304
2013-03-22 16:02:31.575972|ERROR   |              |   | VADDisplay timer: Error reading voice power: 2304
2013-03-22 16:02:31.595958|ERROR   |              |   | VADDisplay timer: Error reading voice power: 2304
2013-03-22 16:02:31.615958|ERROR   |              |   | VADDisplay timer: Error reading voice power: 2304
2013-03-22 16:02:31.635968|ERROR   |              |   | VADDisplay timer: Error reading voice power: 2304
2013-03-22 16:02:31.655947|ERROR   |              |   | VADDisplay timer: Error reading voice power: 2304
2013-03-22 16:02:31.675954|ERROR   |              |   | VADDisplay timer: Error reading voice power: 2304
2013-03-22 16:02:31.695961|ERROR   |              |   | VADDisplay timer: Error reading voice power: 2304
2013-03-22 16:02:31.715946|ERROR   |              |   | VADDisplay timer: Error reading voice power: 2304
2013-03-22 16:02:31.735992|ERROR   |              |   | VADDisplay timer: Error reading voice power: 2304
2013-03-22 16:02:31.755961|ERROR   |              |   | VADDisplay timer: Error reading voice power: 2304
2013-03-22 16:02:31.775959|ERROR   |              |   | VADDisplay timer: Error reading voice power: 2304
2013-03-22 16:02:31.795961|ERROR   |              |   | VADDisplay timer: Error reading voice power: 2304
2013-03-22 16:02:31.815949|ERROR   |              |   | VADDisplay timer: Error reading voice power: 2304
2013-03-22 16:02:31.835961|ERROR   |              |   | VADDisplay timer: Error reading voice power: 2304
2013-03-22 16:02:31.855948|ERROR   |              |   | VADDisplay timer: Error reading voice power: 2304
2013-03-22 16:02:31.875960|ERROR   |              |   | VADDisplay timer: Error reading voice power: 2304
2013-03-22 16:02:31.895980|ERROR   |              |   | VADDisplay timer: Error reading voice power: 2304
2013-03-22 16:02:31.915945|ERROR   |              |   | VADDisplay timer: Error reading voice power: 2304
2013-03-22 16:02:31.935957|ERROR   |              |   | VADDisplay timer: Error reading voice power: 2304
2013-03-22 16:02:31.955959|ERROR   |              |   | VADDisplay timer: Error reading voice power: 2304
2013-03-22 16:02:31.975958|ERROR   |              |   | VADDisplay timer: Error reading voice power: 2304
2013-03-22 16:02:31.995972|ERROR   |              |   | VADDisplay timer: Error reading voice power: 2304
2013-03-22 16:02:32.015960|ERROR   |              |   | VADDisplay timer: Error reading voice power: 2304
2013-03-22 16:02:32.035960|ERROR   |              |   | VADDisplay timer: Error reading voice power: 2304
2013-03-22 16:02:32.055957|ERROR   |              |   | VADDisplay timer: Error reading voice power: 2304
2013-03-22 16:02:32.075947|ERROR   |              |   | VADDisplay timer: Error reading voice power: 2304
2013-03-22 16:02:32.095994|ERROR   |              |   | VADDisplay timer: Error reading voice power: 2304
2013-03-22 16:02:32.115959|ERROR   |              |   | VADDisplay timer: Error reading voice power: 2304
2013-03-22 16:02:32.135961|ERROR   |              |   | VADDisplay timer: Error reading voice power: 2304
2013-03-22 16:02:32.155948|ERROR   |              |   | VADDisplay timer: Error reading voice power: 2304
2013-03-22 16:02:32.175956|ERROR   |              |   | VADDisplay timer: Error reading voice power: 2304
2013-03-22 16:02:32.195958|ERROR   |              |   | VADDisplay timer: Error reading voice power: 2304
2013-03-22 16:02:32.215959|ERROR   |              |   | VADDisplay timer: Error reading voice power: 2304
2013-03-22 16:02:32.235945|ERROR   |              |   | VADDisplay timer: Error reading voice power: 2304
2013-03-22 16:02:32.255959|ERROR   |              |   | VADDisplay timer: Error reading voice power: 2304
2013-03-22 16:02:32.275959|ERROR   |              |   | VADDisplay timer: Error reading voice power: 2304
2013-03-22 16:02:32.295960|ERROR   |              |   | VADDisplay timer: Error reading voice power: 2304
2013-03-22 16:02:32.315958|ERROR   |              |   | VADDisplay timer: Error reading voice power: 2304
2013-03-22 16:02:32.335956|ERROR   |              |   | VADDisplay timer: Error reading voice power: 2304
2013-03-22 16:02:32.355960|ERROR   |              |   | VADDisplay timer: Error reading voice power: 2304
2013-03-22 16:02:32.375945|ERROR   |              |   | VADDisplay timer: Error reading voice power: 2304
2013-03-22 16:02:32.395958|ERROR   |              |   | VADDisplay timer: Error reading voice power: 2304
2013-03-22 16:02:32.415961|ERROR   |              |   | VADDisplay timer: Error reading voice power: 2304
2013-03-22 16:02:32.435956|ERROR   |              |   | VADDisplay timer: Error reading voice power: 2304
2013-03-22 16:02:32.455960|ERROR   |              |   | VADDisplay timer: Error reading voice power: 2304
2013-03-22 16:02:32.475955|ERROR   |              |   | VADDisplay timer: Error reading voice power: 2304
2013-03-22 16:02:32.495968|ERROR   |              |   | VADDisplay timer: Error reading voice power: 2304
2013-03-22 16:02:32.515972|ERROR   |              |   | VADDisplay timer: Error reading voice power: 2304
2013-03-22 16:02:32.535960|ERROR   |              |   | VADDisplay timer: Error reading voice power: 2304
2013-03-22 16:02:32.555983|ERROR   |              |   | VADDisplay timer: Error reading voice power: 2304
2013-03-22 16:02:32.575970|ERROR   |              |   | VADDisplay timer: Error reading voice power: 2304
2013-03-22 16:02:32.595963|ERROR   |              |   | VADDisplay timer: Error reading voice power: 2304
2013-03-22 16:02:32.615959|ERROR   |              |   | VADDisplay timer: Error reading voice power: 2304
2013-03-22 16:02:32.635953|ERROR   |              |   | VADDisplay timer: Error reading voice power: 2304
2013-03-22 16:02:32.655957|ERROR   |              |   | VADDisplay timer: Error reading voice power: 2304
2013-03-22 16:02:32.675947|ERROR   |              |   | VADDisplay timer: Error reading voice power: 2304
2013-03-22 16:02:32.695949|ERROR   |              |   | VADDisplay timer: Error reading voice power: 2304
2013-03-22 16:02:32.715958|ERROR   |              |   | VADDisplay timer: Error reading voice power: 2304
2013-03-22 16:02:32.735957|ERROR   |              |   | VADDisplay timer: Error reading voice power: 2304
2013-03-22 16:02:32.755970|ERROR   |              |   | VADDisplay timer: Error reading voice power: 2304
2013-03-22 16:02:32.775957|ERROR   |              |   | VADDisplay timer: Error reading voice power: 2304
2013-03-22 16:02:32.795947|ERROR   |              |   | VADDisplay timer: Error reading voice power: 2304
2013-03-22 16:02:32.815958|ERROR   |              |   | VADDisplay timer: Error reading voice power: 2304
2013-03-22 16:02:32.835957|ERROR   |              |   | VADDisplay timer: Error reading voice power: 2304
2013-03-22 16:02:32.855965|ERROR   |              |   | VADDisplay timer: Error reading voice power: 2304
2013-03-22 16:02:32.875947|ERROR   |              |   | VADDisplay timer: Error reading voice power: 2304
2013-03-22 16:02:32.895958|ERROR   |              |   | VADDisplay timer: Error reading voice power: 2304
2013-03-22 16:02:32.915961|ERROR   |              |   | VADDisplay timer: Error reading voice power: 2304
2013-03-22 16:05:00.507942|WARNING |Copy&Paste    |   | HTML parsing error: Namespace prefix 'o' not declared
2013-03-22 16:05:01.170093|WARNING |Copy&Paste    |   | HTML parsing error: Namespace prefix 'o' not declared
2013-03-22 16:14:24.111752|DEBUG   |PulseAudio    |   | Underflow occurred on device ts3.pa.dummy.playbackdefault
2013-03-22 16:14:31.226466|DEBUG   |PulseAudio    |   | Underflow occurred on device ts3.pa.dummy.playbackdefault
2013-03-22 16:14:31.226597|DEBUG   |PulseAudio    |   | Underflow occurred on device ts3.pa.dummy.playbackdefault
2013-03-22 16:14:31.794470|DEBUG   |PulseAudio    |   | Underflow occurred on device ts3.pa.dummy.playbackdefault
2013-03-22 16:14:31.794929|DEBUG   |PulseAudio    |   | Underflow occurred on device ts3.pa.dummy.playbackdefault
2013-03-22 16:14:32.302938|DEBUG   |PulseAudio    |   | Underflow occurred on device ts3.pa.dummy.playbackdefault
2013-03-22 16:14:32.303861|DEBUG   |PulseAudio    |   | Underflow occurred on device ts3.pa.dummy.playbackdefault
2013-03-22 16:14:32.305430|DEBUG   |PulseAudio    |   | Underflow occurred on device ts3.pa.dummy.playbackdefault
2013-03-22 16:14:33.003899|DEBUG   |PulseAudio    |   | Underflow occurred on device ts3.pa.dummy.playbackdefault
2013-03-22 16:14:33.238276|DEBUG   |PulseAudio    |   | Underflow occurred on device ts3.pa.dummy.playbackdefault
2013-03-22 16:14:33.255959|DEBUG   |PulseAudio    |   | Underflow occurred on device ts3.pa.dummy.playbackdefault
2013-03-22 16:14:33.603713|DEBUG   |PulseAudio    |   | Underflow occurred on device ts3.pa.dummy.playbackdefault
2013-03-22 16:14:33.604387|DEBUG   |PulseAudio    |   | Underflow occurred on device ts3.pa.dummy.playbackdefault
2013-03-22 16:14:33.605701|DEBUG   |PulseAudio    |   | Underflow occurred on device ts3.pa.dummy.playbackdefault
2013-03-22 16:14:33.606209|DEBUG   |PulseAudio    |   | Underflow occurred on device ts3.pa.dummy.playbackdefault
2013-03-22 16:14:35.170622|DEBUG   |PulseAudio    |   | Underflow occurred on device ts3.pa.dummy.playbackdefault
2013-03-22 16:14:46.608431|DEBUG   |PulseAudio    |   | Underflow occurred on device ts3.pa.dummy.playbackdefault
2013-03-22 16:14:46.630113|DEBUG   |PulseAudio    |   | Underflow occurred on device ts3.pa.dummy.playbackdefault
