Working in: /home/leger_i/SQL/test_pj/exam-sql/exam/20111201_ept1/guillo_e, at: 02/12/2011 20:43:22

You files:
total 1996
drwxr-xr-x    2 leger_i  users    1024 Dec  1 19:20 .
drwx------  289 leger_i  users    6144 Dec  2 20:34 ..
-rw-r--r--    1 leger_i  users       9 Dec  1 19:20 auteur
-rw-r--r--    1 leger_i  users    3273 Dec  2 20:35 correction.trace
-rw-r--r--    1 leger_i  users      88 Dec  1 19:20 ex_01.sql
-rw-r--r--    1 leger_i  users     355 Dec  2 20:43 ex_01.sql.out
-rw-r--r--    1 leger_i  users      56 Dec  1 19:20 ex_02.sql
-rw-r--r--    1 leger_i  users  857672 Dec  2 20:43 ex_02.sql.out
-rw-r--r--    1 leger_i  users      77 Dec  1 19:20 ex_03.sql
-rw-r--r--    1 leger_i  users     794 Dec  2 20:43 ex_03.sql.out
-rw-r--r--    1 leger_i  users      55 Dec  1 19:20 ex_04.sql
-rw-r--r--    1 leger_i  users   62028 Dec  2 20:43 ex_04.sql.out
-rw-r--r--    1 leger_i  users      80 Dec  1 19:20 ex_05.sql
-rw-r--r--    1 leger_i  users     779 Dec  2 20:43 ex_05.sql.out
-rw-r--r--    1 leger_i  users       0 Dec  2 20:43 ex_06.sql.out
-rw-r--r--    1 leger_i  users      66 Dec  1 19:20 ex_07.sql
-rw-r--r--    1 leger_i  users      91 Dec  2 20:43 ex_07.sql.out
-rw-r--r--    1 leger_i  users      56 Dec  1 19:20 ex_08.sql
-rw-r--r--    1 leger_i  users      34 Dec  2 20:43 ex_08.sql.out
-rw-r--r--    1 leger_i  users      62 Dec  1 19:20 ex_09.sql
-rw-r--r--    1 leger_i  users      47 Dec  2 20:43 ex_09.sql.out
-rw-r--r--    1 leger_i  users      51 Dec  1 19:20 ex_10.sql
-rw-r--r--    1 leger_i  users      93 Dec  2 20:43 ex_10.sql.out
-rw-r--r--    1 leger_i  users       0 Dec  2 20:43 ex_11.sql.out
-rw-r--r--    1 leger_i  users       0 Dec  2 20:43 ex_12.sql.out
-rw-r--r--    1 leger_i  users      65 Dec  1 19:20 ex_13.sql
-rw-r--r--    1 leger_i  users      93 Dec  2 20:43 ex_13.sql.out
-rw-r--r--    1 leger_i  users      64 Dec  1 19:20 ex_14.sql
-rw-r--r--    1 leger_i  users      77 Dec  2 20:43 ex_14.sql.out
-rw-r--r--    1 leger_i  users     114 Dec  1 19:20 ex_15.sql
-rw-r--r--    1 leger_i  users     310 Dec  2 20:43 ex_15.sql.out
-rw-r--r--    1 leger_i  users       0 Dec  2 20:43 ex_16.sql.out
-rw-r--r--    1 leger_i  users       0 Dec  2 20:43 ex_17.sql.out
-rw-r--r--    1 leger_i  users     109 Dec  1 19:20 ex_18.sql
-rw-r--r--    1 leger_i  users      47 Dec  2 20:43 ex_18.sql.out
-rw-r--r--    1 leger_i  users       2 Dec  1 19:20 ex_19.sql
-rw-r--r--    1 leger_i  users       1 Dec  2 20:43 ex_19.sql.out
-rw-r--r--    1 leger_i  users       2 Dec  1 19:20 ex_20.sql
-rw-r--r--    1 leger_i  users       1 Dec  2 20:43 ex_20.sql.out
-rw-------    1 leger_i  users      14 Dec  1 19:20 time


- ex_01.sql: 1
- ex_02.sql: 1
- ex_03.sql: 1
- ex_04.sql: 1
- ex_05.sql: 1
- ex_06.sql: 0 (file not found or not a valid single SQL query)
- ex_07.sql: 1
- ex_08.sql: 1
- ex_09.sql: 1
- ex_10.sql: 1
- ex_11.sql: 0 (file not found or not a valid single SQL query)
- ex_12.sql: 0 (file not found or not a valid single SQL query)
- ex_13.sql: 1
- ex_14.sql: 1
- ex_15.sql: Wrong answer, your file is on the left
1c1
< id_membre	date	
---
> id_membre	histo date	

0
- ex_16.sql: 0 (file not found or not a valid single SQL query)
- ex_17.sql: 0 (file not found or not a valid single SQL query)
- ex_18.sql: 1
- ex_19.sql: 1
- ex_20.sql: 1
=> 14 en 107 minute(s) soit, 8 mn/pt

