This file contains any messages produced by compilers while
running configure, to aid debugging if configure makes a mistake.

It was created by The Glorious Glasgow Haskell Compilation System configure 7.4.2, which was
generated by GNU Autoconf 2.67.  Invocation command line was

  $ configure 

## --------- ##
## Platform. ##
## --------- ##

hostname = pc-guillo_e
uname -m = x86_64
uname -r = 3.1.10-1.9-desktop
uname -s = Linux
uname -v = #1 SMP PREEMPT Thu Apr 5 18:48:38 UTC 2012 (4a97ec8)

/usr/bin/uname -p = unknown
/bin/uname -X     = unknown

/bin/arch              = x86_64
/usr/bin/arch -k       = unknown
/usr/convex/getsysinfo = unknown
/usr/bin/hostinfo      = unknown
/bin/machine           = unknown
/usr/bin/oslevel       = unknown
/bin/universe          = unknown

PATH: /usr/lib64/mpi/gcc/openmpi/bin
PATH: /usr/local/bin
PATH: /usr/bin
PATH: /bin
PATH: /usr/bin/X11
PATH: /usr/X11R6/bin
PATH: /usr/games
PATH: /usr/lib/mit/bin
PATH: /usr/lib/mit/sbin
PATH: .
PATH: /home/guillo_e/.cabal/bin
PATH: /home/guillo_e//.bin
PATH: /bin
PATH: /sbin


## ----------- ##
## Core tests. ##
## ----------- ##

configure:2010: loading site script /usr/share/site/x86_64-unknown-linux-gnu
| #!/bin/sh
| # Site script for configure. It is resourced via \$CONFIG_SITE environment varaible.
| 
| # If user did not specify libdir, guess the correct target:
| # Use lib64 for 64 bit targets, keep the default for the rest.
| if test "$libdir" = '${exec_prefix}/lib' ; then
| 
| 	# We are trying to guess 32-bit target compilation. It's not as easy as
| 	# it sounds, as there is possible several intermediate combinations.
| 	ac_config_site_32bit_target=NONE
| 
| 	# User defined -m32 in CFLAGS or CXXFLAGS:
| 	# (It's sufficient for 32-bit, but alone may cause mis-behavior of some checks.)
| 	case "$CFLAGS" in
| 		*-m32*)
| 			ac_config_site_32bit_target=YES
| 			;;
| 	esac
| 	case "$CXXFLAGS" in
| 		*-m32*)
| 			ac_config_site_32bit_target=YES
| 			;;
| 	esac
| 
| 	# User explicitly specified counterpart --host:
| 	# (If cross toolchain is installed, generates 32-bit, else generates native.)
| 	case "$host" in
| 			*i[3456]86-* | ppc-* | s390-* )
| 			ac_config_site_32bit_target=YES
| 			;;
| 	esac
| 
| 	# Running with linux32:
| 	# (Changes detected platform, but not the toolchain target.)
| 	case "`/bin/uname -i`" in
| 		x86_64 | ppc64 | s390x )
| 			;;
| 		* )
| 			ac_config_site_32bit_target=YES
| 			;;
| 	esac
| 
| 	if test "x$ac_config_site_32bit_target" = xNONE; then
| 		libdir='${exec_prefix}/lib64'
| 	fi
| fi
| 
| # If user did not specify libexecdir, guess the correct target:
| # Nor FHS nor openSUSE allow prefix/libexec. Let's default to prefix/lib.
| 
| libexecdir='${exec_prefix}/lib'
| 
| # Continue with the standard behavior of configure defined in AC_SITE_LOAD:
| if test "x$prefix" != xNONE; then
| 	ac_site_file1=$prefix/share/config.site
| 	ac_site_file2=$prefix/etc/config.site
| else
| 	ac_site_file1=$ac_default_prefix/share/config.site
| 	ac_site_file2=$ac_default_prefix/etc/config.site
| fi
| for ac_site_file in "$ac_site_file1" "$ac_site_file2"
| do
| 	test "x$ac_site_file" = xNONE && continue
| 	if test /dev/null != "$ac_site_file" && test -r "$ac_site_file"; then
| 		{ $as_echo "/usr/share/site/x86_64-unknown-linux-gnu:${as_lineno-$LINENO}: loading site script $ac_site_file" >&5
| $as_echo "/usr/share/site/x86_64-unknown-linux-gnu: loading site script $ac_site_file" >&6;}
| 		sed 's/^/| /' "$ac_site_file" >&5
| 		. "$ac_site_file" \
| 			|| { { $as_echo "/usr/share/site/x86_64-unknown-linux-gnu:${as_lineno-$LINENO}: error: in \`$ac_pwd':" >&5
| $as_echo "/usr/share/site/x86_64-unknown-linux-gnu: error: in \`$ac_pwd':" >&2;}
| as_fn_error $? "failed to load site script $ac_site_file
| See \`config.log' for more details" "$LINENO" 5; }
| 	fi
| done
configure:2111: checking for path to top of build tree
configure:2132: result: /home/guillo_e/Downloads/ghc-7.4.2
configure:2587: checking for perl
configure:2605: found /usr/bin/perl
configure:2617: result: /usr/bin/perl
configure:2630: checking if your perl works in shell scripts
configure:2648: result: yes
configure:2696: checking for a BSD-compatible install
configure:2764: result: /usr/bin/install -c
configure:2778: checking whether ln -s works
configure:2782: result: yes
configure:2794: checking for gsed
configure:2825: result: sed
configure:2955: checking for gcc
configure:2973: found /usr/bin/gcc
configure:2985: result: /usr/bin/gcc
configure:3057: checking for gcc
configure:3084: result: /usr/bin/gcc
configure:3313: checking for C compiler version
configure:3322: /usr/bin/gcc --version >&5
gcc (SUSE Linux) 4.6.2
Copyright (C) 2011 Free Software Foundation, Inc.
This is free software; see the source for copying conditions.  There is NO
warranty; not even for MERCHANTABILITY or FITNESS FOR A PARTICULAR PURPOSE.

configure:3333: $? = 0
configure:3322: /usr/bin/gcc -v >&5
Using built-in specs.
COLLECT_GCC=/usr/bin/gcc
COLLECT_LTO_WRAPPER=/usr/lib64/gcc/x86_64-suse-linux/4.6/lto-wrapper
Target: x86_64-suse-linux
Configured with: ../configure --prefix=/usr --infodir=/usr/share/info --mandir=/usr/share/man --libdir=/usr/lib64 --libexecdir=/usr/lib64 --enable-languages=c,c++,objc,fortran,obj-c++,java,ada --enable-checking=release --with-gxx-include-dir=/usr/include/c++/4.6 --enable-ssp --disable-libssp --disable-plugin --with-bugurl=http://bugs.opensuse.org/ --with-pkgversion='SUSE Linux' --disable-libgcj --disable-libmudflap --with-slibdir=/lib64 --with-system-zlib --enable-__cxa_atexit --enable-libstdcxx-allocator=new --disable-libstdcxx-pch --enable-version-specific-runtime-libs --program-suffix=-4.6 --enable-linux-futex --without-system-libunwind --with-arch-32=i586 --with-tune=generic --build=x86_64-suse-linux
Thread model: posix
gcc version 4.6.2 (SUSE Linux) 
configure:3333: $? = 0
configure:3322: /usr/bin/gcc -V >&5
gcc: error: unrecognized option '-V'
gcc: fatal error: no input files
compilation terminated.
configure:3333: $? = 1
configure:3322: /usr/bin/gcc -qversion >&5
gcc: error: unrecognized option '-qversion'
gcc: fatal error: no input files
compilation terminated.
configure:3333: $? = 1
configure:3353: checking whether the C compiler works
configure:3375: /usr/bin/gcc    conftest.c  >&5
configure:3379: $? = 0
configure:3427: result: yes
configure:3430: checking for C compiler default output file name
configure:3432: result: a.out
configure:3438: checking for suffix of executables
configure:3445: /usr/bin/gcc -o conftest    conftest.c  >&5
configure:3449: $? = 0
configure:3471: result: 
configure:3493: checking whether we are cross compiling
configure:3501: /usr/bin/gcc -o conftest    conftest.c  >&5
configure:3505: $? = 0
configure:3512: ./conftest
configure:3516: $? = 0
configure:3531: result: no
configure:3536: checking for suffix of object files
configure:3558: /usr/bin/gcc -c   conftest.c >&5
configure:3562: $? = 0
configure:3583: result: o
configure:3587: checking whether we are using the GNU C compiler
configure:3606: /usr/bin/gcc -c   conftest.c >&5
configure:3606: $? = 0
configure:3615: result: yes
configure:3624: checking whether /usr/bin/gcc accepts -g
configure:3644: /usr/bin/gcc -c -g  conftest.c >&5
configure:3644: $? = 0
configure:3685: result: yes
configure:3702: checking for /usr/bin/gcc option to accept ISO C89
configure:3766: /usr/bin/gcc  -c -g -O2  conftest.c >&5
configure:3766: $? = 0
configure:3779: result: none needed
configure:3806: checking version of gcc
configure:3887: result: 4.6.2
configure:3899: checking how to run the C preprocessor
configure:3930: /usr/bin/gcc -E  conftest.c
configure:3930: $? = 0
configure:3944: /usr/bin/gcc -E  conftest.c
conftest.c:9:28: fatal error: ac_nonexistent.h: No such file or directory
compilation terminated.
configure:3944: $? = 1
configure: failed program was:
| /* confdefs.h */
| #define PACKAGE_NAME "The Glorious Glasgow Haskell Compilation System"
| #define PACKAGE_TARNAME "ghc"
| #define PACKAGE_VERSION "7.4.2"
| #define PACKAGE_STRING "The Glorious Glasgow Haskell Compilation System 7.4.2"
| #define PACKAGE_BUGREPORT "glasgow-haskell-bugs@haskell.org"
| #define PACKAGE_URL ""
| /* end confdefs.h.  */
| #include <ac_nonexistent.h>
configure:3969: result: /usr/bin/gcc -E
configure:3989: /usr/bin/gcc -E  conftest.c
configure:3989: $? = 0
configure:4003: /usr/bin/gcc -E  conftest.c
conftest.c:9:28: fatal error: ac_nonexistent.h: No such file or directory
compilation terminated.
configure:4003: $? = 1
configure: failed program was:
| /* confdefs.h */
| #define PACKAGE_NAME "The Glorious Glasgow Haskell Compilation System"
| #define PACKAGE_TARNAME "ghc"
| #define PACKAGE_VERSION "7.4.2"
| #define PACKAGE_STRING "The Glorious Glasgow Haskell Compilation System 7.4.2"
| #define PACKAGE_BUGREPORT "glasgow-haskell-bugs@haskell.org"
| #define PACKAGE_URL ""
| /* end confdefs.h.  */
| #include <ac_nonexistent.h>
configure:4034: checking whether ld understands --hash-size=31
configure:4048: result: 
configure:4055: checking whether ld understands --reduce-memory-overheads
configure:4069: result: 
configure:4078: checking for extra options to pass gcc when compiling via C
configure:4109: result:  -fwrapv
configure:4116: checking Setting up CFLAGS, LDFLAGS, IGNORE_LINKER_LD_FLAGS and CPPFLAGS
configure:4169: result: done
configure:4173: checking Setting up CONF_CC_OPTS_STAGE0, CONF_GCC_LINKER_OPTS_STAGE0, CONF_LD_LINKER_OPTS_STAGE0 and CONF_CPP_OPTS_STAGE0
configure:4226: result: done
configure:4230: checking Setting up CONF_CC_OPTS_STAGE1, CONF_GCC_LINKER_OPTS_STAGE1, CONF_LD_LINKER_OPTS_STAGE1 and CONF_CPP_OPTS_STAGE1
configure:4283: result: done
configure:4288: checking Setting up CONF_CC_OPTS_STAGE2, CONF_GCC_LINKER_OPTS_STAGE2, CONF_LD_LINKER_OPTS_STAGE2 and CONF_CPP_OPTS_STAGE2
configure:4341: result: done
configure:4595: checking for .subsections_via_symbols
configure:4608: /usr/bin/gcc -c -g -O2 -fno-stack-protector  conftest.c >&5
conftest.c: Assembler messages:
conftest.c:13: Error: unknown pseudo-op: `.subsections_via_symbols'
configure:4608: $? = 1
configure: failed program was:
| /* confdefs.h */
| #define PACKAGE_NAME "The Glorious Glasgow Haskell Compilation System"
| #define PACKAGE_TARNAME "ghc"
| #define PACKAGE_VERSION "7.4.2"
| #define PACKAGE_STRING "The Glorious Glasgow Haskell Compilation System 7.4.2"
| #define PACKAGE_BUGREPORT "glasgow-haskell-bugs@haskell.org"
| #define PACKAGE_URL ""
| /* end confdefs.h.  */
| 
| int
| main ()
| {
| __asm__ (".subsections_via_symbols");
|   ;
|   return 0;
| }
configure:4618: result: no
configure:4626: checking for GNU non-executable stack support
configure:4639: /usr/bin/gcc -c   conftest.c >&5
configure:4639: $? = 0
configure:4640: result: yes
configure:4392: /usr/bin/gcc -c -g -O2 -fno-stack-protector  conftest.c >&5
conftest.c: In function 'main':
conftest.c:17:18: error: unknown type name 'not'
conftest.c:17:26: error: expected '=', ',', ';', 'asm' or '__attribute__' before 'arm'
configure:4392: $? = 1
configure: failed program was:
| /* confdefs.h */
| #define PACKAGE_NAME "The Glorious Glasgow Haskell Compilation System"
| #define PACKAGE_TARNAME "ghc"
| #define PACKAGE_VERSION "7.4.2"
| #define PACKAGE_STRING "The Glorious Glasgow Haskell Compilation System 7.4.2"
| #define PACKAGE_BUGREPORT "glasgow-haskell-bugs@haskell.org"
| #define PACKAGE_URL ""
| /* end confdefs.h.  */
| 
| 
| int
| main ()
| {
| #if defined(__ARM_ARCH_2__)  ||                  defined(__ARM_ARCH_3__)  ||                  defined(__ARM_ARCH_3M__) ||                  defined(__ARM_ARCH_4__)  ||                  defined(__ARM_ARCH_4T__) ||                  defined(__ARM_ARCH_5__)  ||                  defined(__ARM_ARCH_5T__) ||                  defined(__ARM_ARCH_5E__) ||                  defined(__ARM_ARCH_5TE__)
|                  return 0;
|              #else
|                  not pre arm v6
|              #endif
| 
|   ;
|   return 0;
| }
configure:4426: /usr/bin/gcc -c -g -O2 -fno-stack-protector  conftest.c >&5
conftest.c: In function 'main':
conftest.c:17:26: error: unknown type name 'not'
conftest.c:17:34: error: expected '=', ',', ';', 'asm' or '__attribute__' before 'arm'
configure:4426: $? = 1
configure: failed program was:
| /* confdefs.h */
| #define PACKAGE_NAME "The Glorious Glasgow Haskell Compilation System"
| #define PACKAGE_TARNAME "ghc"
| #define PACKAGE_VERSION "7.4.2"
| #define PACKAGE_STRING "The Glorious Glasgow Haskell Compilation System 7.4.2"
| #define PACKAGE_BUGREPORT "glasgow-haskell-bugs@haskell.org"
| #define PACKAGE_URL ""
| /* end confdefs.h.  */
| 
| 
| int
| main ()
| {
| #if defined(__ARM_ARCH_6__)   ||                          defined(__ARM_ARCH_6J__)  ||                          defined(__ARM_ARCH_6T2__) ||                          defined(__ARM_ARCH_6Z__)  ||                          defined(__ARM_ARCH_6ZK__) ||                          defined(__ARM_ARCH_6M__)
|                          return 0;
|                      #else
|                          not pre arm v7
|                      #endif
| 
|   ;
|   return 0;
| }
configure:4392: /usr/bin/gcc -c -g -O2 -fno-stack-protector  conftest.c >&5
conftest.c: In function 'main':
conftest.c:17:18: error: unknown type name 'not'
conftest.c:17:26: error: expected '=', ',', ';', 'asm' or '__attribute__' before 'arm'
configure:4392: $? = 1
configure: failed program was:
| /* confdefs.h */
| #define PACKAGE_NAME "The Glorious Glasgow Haskell Compilation System"
| #define PACKAGE_TARNAME "ghc"
| #define PACKAGE_VERSION "7.4.2"
| #define PACKAGE_STRING "The Glorious Glasgow Haskell Compilation System 7.4.2"
| #define PACKAGE_BUGREPORT "glasgow-haskell-bugs@haskell.org"
| #define PACKAGE_URL ""
| /* end confdefs.h.  */
| 
| 
| int
| main ()
| {
| #if defined(__ARM_ARCH_2__)  ||                  defined(__ARM_ARCH_3__)  ||                  defined(__ARM_ARCH_3M__) ||                  defined(__ARM_ARCH_4__)  ||                  defined(__ARM_ARCH_4T__) ||                  defined(__ARM_ARCH_5__)  ||                  defined(__ARM_ARCH_5T__) ||                  defined(__ARM_ARCH_5E__) ||                  defined(__ARM_ARCH_5TE__)
|                  return 0;
|              #else
|                  not pre arm v6
|              #endif
| 
|   ;
|   return 0;
| }
configure:4426: /usr/bin/gcc -c -g -O2 -fno-stack-protector  conftest.c >&5
conftest.c: In function 'main':
conftest.c:17:26: error: unknown type name 'not'
conftest.c:17:34: error: expected '=', ',', ';', 'asm' or '__attribute__' before 'arm'
configure:4426: $? = 1
configure: failed program was:
| /* confdefs.h */
| #define PACKAGE_NAME "The Glorious Glasgow Haskell Compilation System"
| #define PACKAGE_TARNAME "ghc"
| #define PACKAGE_VERSION "7.4.2"
| #define PACKAGE_STRING "The Glorious Glasgow Haskell Compilation System 7.4.2"
| #define PACKAGE_BUGREPORT "glasgow-haskell-bugs@haskell.org"
| #define PACKAGE_URL ""
| /* end confdefs.h.  */
| 
| 
| int
| main ()
| {
| #if defined(__ARM_ARCH_6__)   ||                          defined(__ARM_ARCH_6J__)  ||                          defined(__ARM_ARCH_6T2__) ||                          defined(__ARM_ARCH_6Z__)  ||                          defined(__ARM_ARCH_6ZK__) ||                          defined(__ARM_ARCH_6M__)
|                          return 0;
|                      #else
|                          not pre arm v7
|                      #endif
| 
|   ;
|   return 0;
| }
configure:4392: /usr/bin/gcc -c -g -O2 -fno-stack-protector  conftest.c >&5
conftest.c: In function 'main':
conftest.c:17:18: error: unknown type name 'not'
conftest.c:17:26: error: expected '=', ',', ';', 'asm' or '__attribute__' before 'arm'
configure:4392: $? = 1
configure: failed program was:
| /* confdefs.h */
| #define PACKAGE_NAME "The Glorious Glasgow Haskell Compilation System"
| #define PACKAGE_TARNAME "ghc"
| #define PACKAGE_VERSION "7.4.2"
| #define PACKAGE_STRING "The Glorious Glasgow Haskell Compilation System 7.4.2"
| #define PACKAGE_BUGREPORT "glasgow-haskell-bugs@haskell.org"
| #define PACKAGE_URL ""
| /* end confdefs.h.  */
| 
| 
| int
| main ()
| {
| #if defined(__ARM_ARCH_2__)  ||                  defined(__ARM_ARCH_3__)  ||                  defined(__ARM_ARCH_3M__) ||                  defined(__ARM_ARCH_4__)  ||                  defined(__ARM_ARCH_4T__) ||                  defined(__ARM_ARCH_5__)  ||                  defined(__ARM_ARCH_5T__) ||                  defined(__ARM_ARCH_5E__) ||                  defined(__ARM_ARCH_5TE__)
|                  return 0;
|              #else
|                  not pre arm v6
|              #endif
| 
|   ;
|   return 0;
| }
configure:4426: /usr/bin/gcc -c -g -O2 -fno-stack-protector  conftest.c >&5
conftest.c: In function 'main':
conftest.c:17:26: error: unknown type name 'not'
conftest.c:17:34: error: expected '=', ',', ';', 'asm' or '__attribute__' before 'arm'
configure:4426: $? = 1
configure: failed program was:
| /* confdefs.h */
| #define PACKAGE_NAME "The Glorious Glasgow Haskell Compilation System"
| #define PACKAGE_TARNAME "ghc"
| #define PACKAGE_VERSION "7.4.2"
| #define PACKAGE_STRING "The Glorious Glasgow Haskell Compilation System 7.4.2"
| #define PACKAGE_BUGREPORT "glasgow-haskell-bugs@haskell.org"
| #define PACKAGE_URL ""
| /* end confdefs.h.  */
| 
| 
| int
| main ()
| {
| #if defined(__ARM_ARCH_6__)   ||                          defined(__ARM_ARCH_6J__)  ||                          defined(__ARM_ARCH_6T2__) ||                          defined(__ARM_ARCH_6Z__)  ||                          defined(__ARM_ARCH_6ZK__) ||                          defined(__ARM_ARCH_6M__)
|                          return 0;
|                      #else
|                          not pre arm v7
|                      #endif
| 
|   ;
|   return 0;
| }
configure:4670: checking for grep that handles long lines and -e
configure:4728: result: /usr/bin/grep
configure:4733: checking for egrep
configure:4795: result: /usr/bin/grep -E
configure:4800: checking for ANSI C header files
configure:4820: /usr/bin/gcc -c -g -O2 -fno-stack-protector  conftest.c >&5
configure:4820: $? = 0
configure:4893: /usr/bin/gcc -o conftest -g -O2 -fno-stack-protector   conftest.c  >&5
configure:4893: $? = 0
configure:4893: ./conftest
configure:4893: $? = 0
configure:4904: result: yes
configure:4917: checking for sys/types.h
configure:4917: /usr/bin/gcc -c -g -O2 -fno-stack-protector  conftest.c >&5
configure:4917: $? = 0
configure:4917: result: yes
configure:4917: checking for sys/stat.h
configure:4917: /usr/bin/gcc -c -g -O2 -fno-stack-protector  conftest.c >&5
configure:4917: $? = 0
configure:4917: result: yes
configure:4917: checking for stdlib.h
configure:4917: /usr/bin/gcc -c -g -O2 -fno-stack-protector  conftest.c >&5
configure:4917: $? = 0
configure:4917: result: yes
configure:4917: checking for string.h
configure:4917: /usr/bin/gcc -c -g -O2 -fno-stack-protector  conftest.c >&5
configure:4917: $? = 0
configure:4917: result: yes
configure:4917: checking for memory.h
configure:4917: /usr/bin/gcc -c -g -O2 -fno-stack-protector  conftest.c >&5
configure:4917: $? = 0
configure:4917: result: yes
configure:4917: checking for strings.h
configure:4917: /usr/bin/gcc -c -g -O2 -fno-stack-protector  conftest.c >&5
configure:4917: $? = 0
configure:4917: result: yes
configure:4917: checking for inttypes.h
configure:4917: /usr/bin/gcc -c -g -O2 -fno-stack-protector  conftest.c >&5
configure:4917: $? = 0
configure:4917: result: yes
configure:4917: checking for stdint.h
configure:4917: /usr/bin/gcc -c -g -O2 -fno-stack-protector  conftest.c >&5
configure:4917: $? = 0
configure:4917: result: yes
configure:4917: checking for unistd.h
configure:4917: /usr/bin/gcc -c -g -O2 -fno-stack-protector  conftest.c >&5
configure:4917: $? = 0
configure:4917: result: yes
configure:4933: checking size of void *
configure:4938: /usr/bin/gcc -o conftest -g -O2 -fno-stack-protector   conftest.c  >&5
configure:4938: $? = 0
configure:4938: ./conftest
configure:4938: $? = 0
configure:4952: result: 8
configure:4969: checking for ar
configure:4987: found /usr/bin/ar
configure:4999: result: /usr/bin/ar
configure:5021: checking whether /usr/bin/ar is GNU ar
configure:5032: result: yes
configure:5039: checking for ar arguments
configure:5065: result: q
configure:5077: checking whether ranlib is needed
configure:5094: result: no
configure:5365: creating ./config.status

## ---------------------- ##
## Running config.status. ##
## ---------------------- ##

This file was extended by The Glorious Glasgow Haskell Compilation System config.status 7.4.2, which was
generated by GNU Autoconf 2.67.  Invocation command line was

  CONFIG_FILES    = 
  CONFIG_HEADERS  = 
  CONFIG_LINKS    = 
  CONFIG_COMMANDS = 
  $ ./config.status 

on pc-guillo_e

config.status:797: creating settings
config.status:797: creating mk/config.mk
config.status:797: creating mk/install.mk

## ---------------- ##
## Cache variables. ##
## ---------------- ##

ac_cv_c_compiler_gnu=yes
ac_cv_env_CC_set=
ac_cv_env_CC_value=
ac_cv_env_CFLAGS_set=
ac_cv_env_CFLAGS_value=
ac_cv_env_CPPFLAGS_set=
ac_cv_env_CPPFLAGS_value=
ac_cv_env_CPP_set=
ac_cv_env_CPP_value=
ac_cv_env_LDFLAGS_set=
ac_cv_env_LDFLAGS_value=
ac_cv_env_LIBS_set=
ac_cv_env_LIBS_value=
ac_cv_env_build_alias_set=
ac_cv_env_build_alias_value=
ac_cv_env_host_alias_set=
ac_cv_env_host_alias_value=
ac_cv_env_target_alias_set=
ac_cv_env_target_alias_value=
ac_cv_header_inttypes_h=yes
ac_cv_header_memory_h=yes
ac_cv_header_stdc=yes
ac_cv_header_stdint_h=yes
ac_cv_header_stdlib_h=yes
ac_cv_header_string_h=yes
ac_cv_header_strings_h=yes
ac_cv_header_sys_stat_h=yes
ac_cv_header_sys_types_h=yes
ac_cv_header_unistd_h=yes
ac_cv_objext=o
ac_cv_path_CC=/usr/bin/gcc
ac_cv_path_EGREP='/usr/bin/grep -E'
ac_cv_path_GREP=/usr/bin/grep
ac_cv_path_PerlCmd=/usr/bin/perl
ac_cv_path_SedCmd=sed
ac_cv_path_fp_prog_ar_raw=/usr/bin/ar
ac_cv_path_install='/usr/bin/install -c'
ac_cv_prog_CPP='/usr/bin/gcc -E'
ac_cv_prog_ac_ct_CC=/usr/bin/gcc
ac_cv_prog_cc_c89=
ac_cv_prog_cc_g=yes
ac_cv_sizeof_void_p=8
fp_cv_LdHashSize31=
fp_cv_LdReduceMemoryOverheads=
fp_cv_gcc_extra_opts=' -fwrapv'
fp_cv_gcc_version=4.6.2
fp_cv_prog_ar_args=q
fp_cv_prog_ar_is_gnu=yes
fp_cv_prog_ar_needs_ranlib=no
fptools_cv_shebang_perl=yes

## ----------------- ##
## Output variables. ##
## ----------------- ##

ArArgs='q'
ArCmd='/usr/bin/ar'
ArIsGNUAr='YES'
BootingFromHc='NO'
BuildArch_CPP='x86_64'
BuildOS_CPP='linux'
BuildPlatform='x86_64-unknown-linux'
BuildPlatform_CPP='x86_64_unknown_linux'
BuildVendor_CPP='unknown'
CC='/usr/bin/gcc'
CFLAGS='-g -O2 -fno-stack-protector'
CONF_CC_OPTS_STAGE0=' -fno-stack-protector'
CONF_CC_OPTS_STAGE1=' -fno-stack-protector'
CONF_CC_OPTS_STAGE2=' -fno-stack-protector'
CONF_CPP_OPTS_STAGE0=''
CONF_CPP_OPTS_STAGE1=''
CONF_CPP_OPTS_STAGE2=''
CONF_GCC_LINKER_OPTS_STAGE0=''
CONF_GCC_LINKER_OPTS_STAGE1=''
CONF_GCC_LINKER_OPTS_STAGE2=''
CONF_LD_LINKER_OPTS_STAGE0=''
CONF_LD_LINKER_OPTS_STAGE1=''
CONF_LD_LINKER_OPTS_STAGE2=''
CPP='/usr/bin/gcc -E'
CPPFLAGS=''
DEFS='-DPACKAGE_NAME=\"The\ Glorious\ Glasgow\ Haskell\ Compilation\ System\" -DPACKAGE_TARNAME=\"ghc\" -DPACKAGE_VERSION=\"7.4.2\" -DPACKAGE_STRING=\"The\ Glorious\ Glasgow\ Haskell\ Compilation\ System\ 7.4.2\" -DPACKAGE_BUGREPORT=\"glasgow-haskell-bugs@haskell.org\" -DPACKAGE_URL=\"\" -DSTDC_HEADERS=1 -DHAVE_SYS_TYPES_H=1 -DHAVE_SYS_STAT_H=1 -DHAVE_STDLIB_H=1 -DHAVE_STRING_H=1 -DHAVE_MEMORY_H=1 -DHAVE_STRINGS_H=1 -DHAVE_INTTYPES_H=1 -DHAVE_STDINT_H=1 -DHAVE_UNISTD_H=1 -DSIZEOF_VOID_P=8'
ECHO_C=''
ECHO_N='-n'
ECHO_T=''
EGREP='/usr/bin/grep -E'
EXEEXT=''
GMP_INCLUDE_DIRS=''
GMP_LIB_DIRS=''
GREP='/usr/bin/grep'
GccExtraViaCOpts=' -fwrapv'
GccLT34='NO'
GccLT46='NO'
GccVersion='4.6.2'
HaskellHaveGnuNonexecStack='True'
HaskellHaveSubsectionsViaSymbols='False'
HaskellTargetArch='ArchX86_64'
HaskellTargetOs='OSLinux'
HostArch_CPP='x86_64'
HostOS_CPP='linux'
HostPlatform='x86_64-unknown-linux'
HostPlatform_CPP='x86_64_unknown_linux'
HostVendor_CPP='unknown'
INSTALL_DATA='${INSTALL} -m 644'
INSTALL_PROGRAM='${INSTALL}'
INSTALL_SCRIPT='${INSTALL}'
LDFLAGS=''
LIBOBJS=''
LIBS=''
LN_S='ln -s'
LTLIBOBJS=''
OBJEXT='o'
PACKAGE_BUGREPORT='glasgow-haskell-bugs@haskell.org'
PACKAGE_NAME='The Glorious Glasgow Haskell Compilation System'
PACKAGE_STRING='The Glorious Glasgow Haskell Compilation System 7.4.2'
PACKAGE_TARNAME='ghc'
PACKAGE_URL=''
PACKAGE_VERSION='7.4.2'
PATH_SEPARATOR=':'
PerlCmd='/usr/bin/perl'
RANLIB='true'
SHELL='/bin/sh'
SedCmd='sed'
SettingsArCommand='/usr/bin/ar'
SettingsCCompilerCommand='/usr/bin/gcc'
SettingsCCompilerFlags=' -fno-stack-protector '
SettingsDllWrapCommand='/bin/false'
SettingsPerlCommand='/usr/bin/perl'
SettingsTouchCommand='touch'
SettingsWindresCommand='/bin/false'
TargetArch_CPP='x86_64'
TargetOS_CPP='linux'
TargetPlatform='x86_64-unknown-linux'
TargetPlatform_CPP='x86_64_unknown_linux'
TargetVendor_CPP='unknown'
WhatGccIsCalled='/usr/bin/gcc'
WordSize='8'
ac_ct_CC='/usr/bin/gcc'
bindir='${exec_prefix}/bin'
build_alias=''
datadir='${datarootdir}'
datarootdir='${prefix}/share'
docdir='${datarootdir}/doc/${PACKAGE_TARNAME}'
dvidir='${docdir}'
exec_prefix='${prefix}'
exeext=''
fp_prog_ar_raw='/usr/bin/ar'
hardtop='/home/guillo_e/Downloads/ghc-7.4.2'
host_alias=''
htmldir='${docdir}'
includedir='${prefix}/include'
infodir='${datarootdir}/info'
libdir='${exec_prefix}/lib64'
libexecdir='${exec_prefix}/lib'
localedir='${datarootdir}/locale'
localstatedir='${prefix}/var'
mandir='${datarootdir}/man'
oldincludedir='/usr/include'
pdfdir='${docdir}'
prefix='/usr/local'
program_transform_name='s,x,x,'
psdir='${docdir}'
sbindir='${exec_prefix}/sbin'
sharedstatedir='${prefix}/com'
soext='.so'
sysconfdir='${prefix}/etc'
target_alias=''

## ----------- ##
## confdefs.h. ##
## ----------- ##

/* confdefs.h */
#define PACKAGE_NAME "The Glorious Glasgow Haskell Compilation System"
#define PACKAGE_TARNAME "ghc"
#define PACKAGE_VERSION "7.4.2"
#define PACKAGE_STRING "The Glorious Glasgow Haskell Compilation System 7.4.2"
#define PACKAGE_BUGREPORT "glasgow-haskell-bugs@haskell.org"
#define PACKAGE_URL ""
#define STDC_HEADERS 1
#define HAVE_SYS_TYPES_H 1
#define HAVE_SYS_STAT_H 1
#define HAVE_STDLIB_H 1
#define HAVE_STRING_H 1
#define HAVE_MEMORY_H 1
#define HAVE_STRINGS_H 1
#define HAVE_INTTYPES_H 1
#define HAVE_STDINT_H 1
#define HAVE_UNISTD_H 1
#define SIZEOF_VOID_P 8

configure: exit 0
