Working in: /home/leger_i/SQL/test_pj/exam-sql/exam/20120117_ept1/guillo_e, at: 23/01/2012 18:35:38

You files:
total 904
drwxr-xr-x    2 leger_i  users    1024 Jan 17 12:27 .
drwx------  452 leger_i  users    9216 Jan 17 22:02 ..
-rw-r--r--    1 leger_i  users       9 Jan 17 12:27 auteur
-rw-r--r--    1 leger_i  users    8035 Jan 17 22:04 correction.trace
-rw-r--r--    1 leger_i  users      88 Jan 17 12:27 ex_01.sql
-rw-r--r--    1 leger_i  users     355 Jan 23 18:35 ex_01.sql.out
-rw-r--r--    1 leger_i  users      77 Jan 17 12:27 ex_02.sql
-rw-r--r--    1 leger_i  users     794 Jan 23 18:35 ex_02.sql.out
-rw-r--r--    1 leger_i  users      55 Jan 17 12:27 ex_03.sql
-rw-r--r--    1 leger_i  users   62028 Jan 23 18:35 ex_03.sql.out
-rw-r--r--    1 leger_i  users      98 Jan 17 12:27 ex_04.sql
-rw-r--r--    1 leger_i  users   11785 Jan 23 18:35 ex_04.sql.out
-rw-r--r--    1 leger_i  users      73 Jan 17 12:27 ex_05.sql
-rw-r--r--    1 leger_i  users  276022 Jan 23 18:35 ex_05.sql.out
-rw-r--r--    1 leger_i  users      49 Jan 17 12:27 ex_06.sql
-rw-r--r--    1 leger_i  users      17 Jan 23 18:35 ex_06.sql.out
-rw-r--r--    1 leger_i  users      59 Jan 17 12:27 ex_07.sql
-rw-r--r--    1 leger_i  users      19 Jan 23 18:35 ex_07.sql.out
-rw-r--r--    1 leger_i  users      56 Jan 17 12:27 ex_08.sql
-rw-r--r--    1 leger_i  users      34 Jan 23 18:35 ex_08.sql.out
-rw-r--r--    1 leger_i  users     166 Jan 17 12:27 ex_09.sql
-rw-r--r--    1 leger_i  users     421 Jan 23 18:35 ex_09.sql.out
-rw-r--r--    1 leger_i  users       0 Jan 23 18:35 ex_10.sql.out
-rw-r--r--    1 leger_i  users     145 Jan 17 12:27 ex_11.sql
-rw-r--r--    1 leger_i  users      19 Jan 23 18:35 ex_11.sql.out
-rw-r--r--    1 leger_i  users      91 Jan 17 12:27 ex_12.sql
-rw-r--r--    1 leger_i  users      22 Jan 23 18:35 ex_12.sql.out
-rw-r--r--    1 leger_i  users      76 Jan 17 12:27 ex_13.sql
-rw-r--r--    1 leger_i  users      11 Jan 23 18:35 ex_13.sql.out
-rw-r--r--    1 leger_i  users     109 Jan 17 12:27 ex_14.sql
-rw-r--r--    1 leger_i  users      47 Jan 23 18:35 ex_14.sql.out
-rw-r--r--    1 leger_i  users      88 Jan 17 12:27 ex_15.sql
-rw-r--r--    1 leger_i  users      81 Jan 23 18:35 ex_15.sql.out
-rw-r--r--    1 leger_i  users     156 Jan 17 12:27 ex_16.sql
-rw-r--r--    1 leger_i  users     215 Jan 23 18:35 ex_16.sql.out
-rw-r--r--    1 leger_i  users       0 Jan 23 18:35 ex_17.sql.out
-rw-r--r--    1 leger_i  users       2 Jan 17 12:27 ex_18.sql
-rw-r--r--    1 leger_i  users       1 Jan 23 18:35 ex_18.sql.out
-rw-r--r--    1 leger_i  users       2 Jan 17 12:27 ex_19.sql
-rw-r--r--    1 leger_i  users       1 Jan 23 18:35 ex_19.sql.out
-rw-r--r--    1 leger_i  users       2 Jan 17 12:27 ex_20.sql
-rw-r--r--    1 leger_i  users       1 Jan 23 18:35 ex_20.sql.out
-rw-------    1 leger_i  users      13 Jan 17 12:27 time


- ex_01.sql: 1
- ex_02.sql: 1
- ex_03.sql: 1
- ex_04.sql: 1
- ex_05.sql: Wrong answer, your file is on the left
1,3681c1,3681
< titre sha1	titre md5	
< bb17bfa26b2836a7368c9b7663c94c61188535b0	96fe343d6db163c516a401f779aecab3	
< efba6ff021c0aa424abebf945cbd08e359448333	a480d075f3858aafc9c117232207bc28	
< 6cf61dc2dcdebcacc565b8b87586f767a0e360d7	75dd3dd21953101f352de64eda67677c	
< bf580931d48a1b191c714e81377e254e32c7f306	d16f0725a2abcba2479ea7722e214abf	
< 8ecf12537b2ffc376d1fb3bed2ae9258c2f61975	f1462afa6a3c8d9c46c1afd119047bdf	
< 992ef93dbf47467c3734647e65ac3067ebd4fa3f	e72f15dcd4e12bde20ea06fc1f8045bb	
< c28681b174e4a628297e47bcdc90697d3644f15f	73bba0c677f1446824aef83103e82f9e	
< dbaf128477fe7dd97360144956ba47541e265f3f	79c923ebffe90e306e2d3b5eeda32eab	
< a2e8b52ed0c48eb9963dddf9f9da08bcab28ae39	df424aee1078aa5faaf992ae015c80f8	
< b6f29c8a394b7be175f5c37763928d8e4bd634c4	5615f346997e09ae9f91b80bca712108	
< bf44c9857b696454c5ef1ca708da5e3ee8a0b24a	401357e57c765967393ba391a338e89b	
< e06f2e4476b6b7f58b6ced507d36036d0be40d21	570261a345b02e23e86800c360d076b0	
< 399d4f2638364355a8b45836acbe3f38c85fe533	5ba8e726fdce0f127e6140c04cdc26a1	
< 9594ca38939bfe636a3e82002b690b791a7f8468	66c18bfd9c5dd2f66291a8103071ddf3	
< d07768c186bb5a0ced6b0266dc3e4aacf8e616bd	713479be6ea274038686c9b74543430f	
< 4f4aa0b8e55180fdc098155633a9037d88f7bc7f	e732800263daf67472e2a95799246c91	
< 02a8184cdb49d8e988fb366871ff5d3bc0d011de	976dfb634a2ea84880b31113c549f382	
< 784aa3f1822779e1cf2e6f092773969925f18bff	e5128c348e971af020484b0c129c4a64	
< 8a991da7612671c3160c8bde4369401eb5fccb41	9f28af63f24e0a556cbca0053b368494	
< 86d49c74e8010913c69c825238f9a5a518611b1f	259dc8515918bf0bea4c60051a18b115	
< be9b0d87ae53bb820bac3d4257def53849d1a28d	79902610e1a340a167c166eeaafd7052	
< 5ca792b9aa1254944129d255ac9294d94782560a	21977ba6942c8610142762594b5664a8	
< 90d8561290ab385f598f9d94165534707fbe6c3c	5de4829104fa911275bc55abc1c3dcb4	
< 3e14e52f04281c2e70ee4fe7e5050f2ce0e4340f	46a8aa11a37a9cb5e2f9f632c56d6a23	
< b365154db801ae02b88d0db1a4dbb485e933f9f2	d58a83c0d44402495b7b44dc04f78202	
< 8a151842bb49f14c08bd6d340a930c0c7156267c	49ab6d183c7bc1242e26e56fc2a10ac0	
< 97b2fea579cccb2da2ee61f2e1c3f906a7fd94db	6f6a38bd693c38e875de6157d54be56d	
< 0e86ad682e7fb3cb8e706efe3fe91690af138fa3	e0f9601fd2044ed4c95bb0e44ebd6f71	
< b8aadc13e9dd98d89eae8be28cb6170afb9de052	cefbcc3202dab46ac103041fcb71526e	
< b8a8b9690d706a337093f38b93a74f37e25eb3d3	27329a221c030a183e011258cffa0a3b	
< b3e0a103daa9ae3f375b2654f0a482c7c0d36297	b9b371458ab7c314f88b81c553f6ce51	
< 23958cfde0047f9eaa46141c4d0dcc664186a1d0	6f43daaf803b5c15953e7c86e8c07483	
< e16efd241cca1df988ca77d36596426715564a79	797003ea3feca18e7b54c1d19db51a36	
< 780dc07efa94d42ed810ccbdf20a05c1aefc131c	b2d99e56f5d58bd074c2d2d6ec5fd327	
< 986db73f8638c75625984fc914887ae455f6e09e	49efbd4aac8166bdce9e8eab81b7acac	
< ba50b996b032d94bdd1fdd3511c2216ebe865fca	3a1bd22a0f391055e8cfb15c6b8c2761	
< bdc6d607778629e32ca62bf6768dd08852f8b25c	ac4c7165700e46623ed297308f7e1181	
< 13f08277847cc6868a5fdc01f6c58ba5e47f54f1	09f778a2a04073a97acf0affe39d6803	
< 6c0e7fe445fa4d85b27b429bc7dc0daa192a3aec	a3e6c79f9ddcc38ae599161d135f5bc8	
< 14fcb4d49973d9a5a96b5844a307ea1a5d6587b7	5c5ab03469939019632763475abe9d65	
< 7d44bc449c2a26374800a503f10f3d8949505f40	9594eec95be70e7b1710f730fdda33d9	
< bfefcf994cdd686feceb3a2f9eb656f6df9905d6	0f03f10e439732a2f34f7442d658dfd5	
< 96218031b0e301b44ba1d49659deeaf1784220f2	4be8dda52dc9c7c00817e910aa0f9965	
< 5d5b5fa8df6b1c6e640faf440ad797de52fde3ec	91ff6c18e6640e4e772ab5b7ab70e2f9	
< 31ae73224f4e18607fb31dd0535bb65fc82287ae	d84c46d5da761fbed1a4477540ce1bc5	
< dc9531c26f8f5dd09042fcb2aa678d092711ad94	37c6fc9745bc1a88474537f7a9e39b78	
< 40344f433d6bf632105ff8394d08b792209d9cfc	85991caa172a3fceb66df536f4e01513	
< f8ac25243c63b8410f1f5d098855ca8590cb2fa4	cc79356539a59b5afd6c2fc8d3b0c691	

0
- ex_06.sql: 1
- ex_07.sql: Wrong answer, your file is on the left
1c1
< nombre film	
---
> nombre films	

0
- ex_08.sql: 1
- ex_09.sql: Wrong answer, your file is on the left
1,8c1
< "nom"	"nb_film"	
< action	126	
< adventure	97	
< animation	131	
< biography	27	
< comedy	667	
< detective	134	
< documentary	180	
---
> nom	nb_film	
9a3
> comedy	667	
11,14c5,6
< erotic	1	
< exp&ee&eerimental	1	
< experimental	4	
< family	2	
---
> thriller	247	
> documentary	180	
16,17c8,10
< historical	27	
< historical epic	3	
---
> detective	134	
> animation	131	
> action	126	
19,22c12
< karate	1	
< music	20	
< musical	25	
< program	1	
---
> adventure	97	
25,29d14
< short film	2	
< spying	12	
< thriller	247	
< unknow	5	
< various	16	
30a16,21
> biography	27	
> historical	27	
> musical	25	
> music	20	
> various	16	
> spying	12	
31a23,31
> unknow	5	

0
- ex_10.sql: 0 (file not found or not a valid single SQL query)
- ex_11.sql: 1
- ex_12.sql: Wrong answer, your file is on the left
2c2
< 5	170	
---
> 5	171	

0
- ex_13.sql: 1
- ex_14.sql: 1
- ex_15.sql: Wrong answer, your file is on the left
1c1
< "nom"	"ville"	
---
> nom	ville	

0
- ex_16.sql: 1
- ex_17.sql: 0 (file not found or not a valid single SQL query)
- ex_18.sql: Wrong answer, your file is on the left
1c1
< 1
\ No newline at end of file
---
> 2
\ No newline at end of file

0
- ex_19.sql: 1
- ex_20.sql: 1
=> 12 en 85 minute(s) soit, 7 mn/pt

